2025-03-16 03:37:54,157 - root - INFO - LabelQuick 应用程序启动
2025-03-16 03:37:54,379 - hydra.core.utils - DEBUG - Setting JobRuntime:name=UNKNOWN_NAME
2025-03-16 03:37:54,380 - hydra.core.utils - DEBUG - Setting JobRuntime:name=app
2025-03-16 03:37:58,376 - root - INFO - 初始化主界面
2025-03-16 03:37:59,056 - root - DEBUG - UI 设置完成
2025-03-16 03:37:59,057 - root - DEBUG - 初始化变量完成
2025-03-16 03:38:01,214 - root - INFO - Loaded checkpoint sucessfully
2025-03-16 03:38:03,410 - root - INFO - Loaded checkpoint sucessfully
2025-03-16 03:38:03,425 - root - DEBUG - 初始化 Anything_TW 和 AnythingVideo_TW 完成
2025-03-16 03:38:03,425 - root - DEBUG - 初始化定时器完成
2025-03-16 03:38:03,426 - root - DEBUG - 开始连接信号和槽
2025-03-16 03:38:03,426 - root - DEBUG - 信号和槽连接完成
2025-03-16 03:38:03,426 - root - DEBUG - 初始化标签格式: xml
2025-03-16 03:38:03,426 - root - INFO - 主界面初始化完成
2025-03-16 03:38:10,808 - root - INFO - 标签格式已更改: xml -> yolo
2025-03-16 03:38:10,808 - root - DEBUG - 检查 YOLO 格式的类别映射
2025-03-16 03:38:10,808 - root - DEBUG - 类别映射为空，尝试从现有标签初始化
2025-03-16 03:38:10,808 - root - DEBUG - 当前类别映射: {}
2025-03-16 03:38:32,377 - root - INFO - 选择视频: D:/workspace/LabelQuick/video/ceshi.mp4, 输出目录: D:/workspace/LabelQuick/video
2025-03-16 03:38:32,378 - root - INFO - 创建YOLO训练目录结构: D:/workspace/LabelQuick/video\images, D:/workspace/LabelQuick/video\labels
2025-03-16 03:38:32,379 - root - DEBUG - 输出目录中没有图像，提取视频第一帧
2025-03-16 03:38:32,409 - root - DEBUG - 读取视频第一帧成功
2025-03-16 03:38:32,421 - root - INFO - 保存第一帧到: D:/workspace/LabelQuick/video\0.jpg
2025-03-16 03:38:32,432 - root - DEBUG - 设置 AVT 的视频目录: D:/workspace/LabelQuick/video
2025-03-16 03:38:32,432 - sampro.LabelVideo_TW - DEBUG - 找到 1 个帧文件
2025-03-16 03:38:32,432 - sampro.LabelVideo_TW - DEBUG - 使用数字提取排序成功
2025-03-16 03:38:32,433 - sampro.LabelVideo_TW - DEBUG - 排序后的前5个文件: ['0.jpg']
2025-03-16 03:38:32,460 - root - DEBUG - AVT 视频目录设置成功
2025-03-16 03:38:32,461 - root - DEBUG - 初始化 AVT 的推理状态: D:/workspace/LabelQuick/video
2025-03-16 03:38:39,659 - root - DEBUG - AVT 推理状态初始化成功
2025-03-16 03:38:39,660 - root - DEBUG - 设置图像路径: D:/workspace/LabelQuick/video\0.jpg
2025-03-16 03:38:39,660 - root - DEBUG - 图像名称: 0
2025-03-16 03:38:39,687 - root - DEBUG - 调整图像大小: D:/workspace/LabelQuick/video\0.jpg, 1300x736
2025-03-16 03:38:39,708 - root - INFO - For numpy array image, we assume (HxWxC) format
2025-03-16 03:38:39,847 - root - INFO - Computing image embeddings for the provided image...
2025-03-16 03:38:47,438 - root - INFO - Image embeddings computed.
2025-03-16 03:38:47,442 - root - DEBUG - 设置 AT 的图像
2025-03-16 03:38:47,455 - root - DEBUG - 显示图像完成
2025-03-16 03:38:47,455 - root - DEBUG - 设置鼠标点击事件
2025-03-16 03:38:52,863 - root - INFO - 鼠标点击事件: 坐标=(563, 178)
2025-03-16 03:38:52,863 - root - DEBUG - 设置点击坐标: (563, 178), 方法: 1
2025-03-16 03:38:52,863 - root - DEBUG - 设置 AVT 的点击坐标: (563, 178), 方法: 1
2025-03-16 03:38:52,864 - root - DEBUG - 调用 AVT.add_new_points_or_box
2025-03-16 03:38:53,062 - root - DEBUG - AVT.add_new_points_or_box 调用成功
2025-03-16 03:38:53,062 - root - DEBUG - 设置 AT 的点击坐标: (563, 178), 方法: 1
2025-03-16 03:38:53,062 - root - DEBUG - 调用 AT.Create_Mask
2025-03-16 03:38:53,127 - root - DEBUG - 调用 AT.Draw_Mask
2025-03-16 03:38:53,136 - root - DEBUG - 设置点击事件状态: clicked_event=True, paint_event=False
2025-03-16 03:38:57,241 - root - INFO - 视频对话框确认，标签文本: 篮球
2025-03-16 03:38:57,241 - root - DEBUG - 添加标签到列表: 篮球
2025-03-16 03:38:57,241 - root - DEBUG - 初始化 list_labels 列表
2025-03-16 03:38:57,242 - root - DEBUG - 确保YOLO目录结构存在: D:/workspace/LabelQuick/video\images\train, D:/workspace/LabelQuick/video\labels\train
2025-03-16 03:38:57,243 - root - DEBUG - 复制图像到训练目录: D:/workspace/LabelQuick/video\images\train\0.jpg
2025-03-16 03:38:57,243 - root - DEBUG - 使用 YOLO 格式保存标签: 篮球
2025-03-16 03:38:57,243 - root - DEBUG - 边界框坐标: x=559, y=176, w=21, h=23
2025-03-16 03:38:57,243 - util.yolofile - DEBUG - 创建 YOLO 标签信息: 图像=0, 尺寸=1300x736, 文本=篮球
2025-03-16 03:38:57,244 - util.yolofile - DEBUG - 边界框: x=559, y=176, w=21, h=23
2025-03-16 03:38:57,244 - util.yolofile - DEBUG - YOLO 标签文件路径: D:/workspace/LabelQuick/video\0.txt
2025-03-16 03:38:57,244 - util.yolofile - DEBUG - YOLO 标签信息已创建: 路径=D:/workspace/LabelQuick/video\0.txt, 大小=[1300, 736, 3], 边界框=[559, 176, 580, 199]
2025-03-16 03:38:57,244 - root - DEBUG - 添加新类别到映射: 篮球 -> 0
2025-03-16 03:38:57,244 - root - INFO - 类别映射已保存到: D:/workspace/LabelQuick/video\labels\classes.txt
2025-03-16 03:38:57,245 - root - DEBUG - 保存 YOLO 标签到: D:/workspace/LabelQuick/video\labels\train\0.txt, 大小: [1300, 736, 3], 类别映射: {'篮球': 0}
2025-03-16 03:38:57,245 - util.yolofile - DEBUG - 转换坐标到 YOLO 格式: 图像尺寸=(1300, 736), 边界框=(559, 176, 580, 199)
2025-03-16 03:38:57,245 - util.yolofile - DEBUG - YOLO 格式坐标: 中心点=(0.438077, 0.254755), 尺寸=(0.016154, 0.031250)
2025-03-16 03:38:57,245 - root - DEBUG - 写入行: 0 0.438077 0.254755 0.016154 0.031250
2025-03-16 03:38:57,245 - root - INFO - YOLO 标签已保存到: D:/workspace/LabelQuick/video\labels\train\0.txt
2025-03-16 03:38:57,246 - root - DEBUG - 启用开始检测打标按钮
2025-03-16 03:38:57,246 - root - DEBUG - 重置点击和绘制事件状态
2025-03-16 03:38:57,246 - root - DEBUG - 开始显示已存在的标签和边界框
2025-03-16 03:38:57,257 - root - DEBUG - 显示 1 个点击标签和 0 个绘制标签
2025-03-16 03:38:57,257 - root - DEBUG - 绘制点击标签 1: (559, 176) - (580, 199)
2025-03-16 03:38:57,259 - root - DEBUG - 标签显示完成
2025-03-16 03:38:57,260 - root - DEBUG - 显示已存在的标签
2025-03-16 03:39:01,395 - root - INFO - 开始视频检测打标
2025-03-16 03:39:01,396 - root - DEBUG - 禁用开始检测打标按钮
2025-03-16 03:39:01,396 - root - DEBUG - 视频路径: D:/workspace/LabelQuick/video/ceshi.mp4, 输出目录: D:/workspace/LabelQuick/video
2025-03-16 03:39:01,396 - root - DEBUG - 设置 AVT 的点击坐标: (563, 178), 方法: 1
2025-03-16 03:39:01,396 - root - DEBUG - AVT 点击坐标设置成功
2025-03-16 03:39:01,396 - root - DEBUG - 添加点击点到模型
2025-03-16 03:39:01,499 - root - DEBUG - 点击点添加成功
2025-03-16 03:39:01,499 - root - DEBUG - 创建视频处理线程，点击坐标: (563, 178), 方法: 1, 文本: 篮球
2025-03-16 03:39:01,499 - root - DEBUG - 保存路径: D:/workspace/LabelQuick/video, 格式: yolo, 类别映射: {'篮球': 0}
2025-03-16 03:39:01,499 - root - INFO - 初始化视频处理线程
2025-03-16 03:39:01,500 - root - DEBUG - 视频处理线程初始化完成: 视频路径=D:/workspace/LabelQuick/video/ceshi.mp4, 输出目录=D:/workspace/LabelQuick/video, 格式=yolo
2025-03-16 03:39:01,500 - root - DEBUG - 连接视频处理线程信号
2025-03-16 03:39:01,500 - root - INFO - 启动视频处理线程
2025-03-16 03:39:01,501 - root - DEBUG - 禁用其他按钮，防止重复处理
2025-03-16 03:39:01,502 - root - INFO - 开始视频处理: 点击坐标=(563, 178), 方法=1
2025-03-16 03:39:01,503 - root - DEBUG - 创建输出目录: D:/workspace/LabelQuick/video 和 mask 子目录: D:/workspace/LabelQuick/video\mask
2025-03-16 03:39:01,503 - root - DEBUG - 确保YOLO目录结构存在: D:/workspace/LabelQuick/video\images\train, D:/workspace/LabelQuick/video\labels\train
2025-03-16 03:39:01,503 - root - INFO - 开始处理视频帧，总帧数: 1
2025-03-16 03:39:01,504 - root - DEBUG - 处理第 1/1 帧: D:/workspace/LabelQuick/video\0.jpg
2025-03-16 03:39:01,504 - root - DEBUG - 调用 Draw_Mask_at_frame 处理帧，格式: yolo
2025-03-16 03:39:01,504 - sampro.LabelVideo_TW - INFO - 开始绘制轮廓，格式: yolo, 文本: 篮球
2025-03-16 03:39:01,504 - sampro.LabelVideo_TW - DEBUG - 起始帧: 0, 返回帧: False, 保存图像路径: D:/workspace/LabelQuick/video\mask, 保存标签路径: D:/workspace/LabelQuick/video
2025-03-16 03:39:01,504 - sampro.LabelVideo_TW - DEBUG - 开始在视频中传播分割结果
2025-03-16 03:39:01,602 - sampro.LabelVideo_TW - DEBUG - 帧 0 的分割结果: 对象 IDs [1]
2025-03-16 03:39:01,603 - sampro.LabelVideo_TW - DEBUG - 找到 1 个帧
2025-03-16 03:39:01,603 - sampro.LabelVideo_TW - INFO - 开始处理 1 个帧
2025-03-16 03:39:01,603 - sampro.LabelVideo_TW - DEBUG - 处理帧 0: D:/workspace/LabelQuick/video\0.jpg
2025-03-16 03:39:01,620 - sampro.LabelVideo_TW - DEBUG - 帧 0 尺寸: 1300x736
2025-03-16 03:39:01,620 - sampro.LabelVideo_TW - DEBUG - 帧 0 有 1 个分割对象
2025-03-16 03:39:01,620 - sampro.LabelVideo_TW - DEBUG - 处理帧 0 的对象 1
2025-03-16 03:39:01,620 - sampro.LabelVideo_TW - DEBUG - 原始掩码尺寸: (1, 544, 960)
2025-03-16 03:39:01,620 - sampro.LabelVideo_TW - WARNING - 掩码尺寸 (544x1) 与帧尺寸 (1300x736) 不匹配，进行调整
2025-03-16 03:39:01,624 - sampro.LabelVideo_TW - ERROR - 调整掩码尺寸时出错: OpenCV(4.8.0) :-1: error: (-5:Bad argument) in function 'resize'
> Overload resolution failed:
>  - src data type = 0 is not supported
>  - Expected Ptr<cv::UMat> for argument 'src'

2025-03-16 03:39:01,624 - sampro.LabelVideo_TW - INFO - 帧处理完成，返回 0 个标签消息
2025-03-16 03:39:01,625 - root - DEBUG - 收集 YOLO 格式标签信息，消息数量: 0
2025-03-16 03:39:01,625 - root - DEBUG - 发送处理后的帧到 UI
2025-03-16 03:39:01,625 - root - INFO - 视频处理完成，发送完成信号
2025-03-16 03:39:01,625 - root - WARNING - 接收到空帧
2025-03-16 03:39:01,626 - root - INFO - 视频处理完成
2025-03-16 03:39:01,626 - root - DEBUG - 收到 0 个标签消息
2025-03-16 03:39:01,626 - root - INFO - 检测打标过程全部完成
2025-03-16 03:39:01,626 - root - INFO - 视频处理完成
2025-03-16 03:39:01,627 - root - DEBUG - 收到 0 个标签消息
2025-03-16 03:39:01,627 - root - INFO - 检测打标过程全部完成
