2025-03-16 04:24:19,186 - root - INFO - LabelQuick 应用程序启动
2025-03-16 04:24:19,490 - hydra.core.utils - DEBUG - Setting JobRuntime:name=UNKNOWN_NAME
2025-03-16 04:24:19,490 - hydra.core.utils - DEBUG - Setting JobRuntime:name=app
2025-03-16 04:24:23,999 - root - INFO - 初始化主界面
2025-03-16 04:24:24,987 - root - DEBUG - UI 设置完成
2025-03-16 04:24:24,987 - root - DEBUG - 初始化变量完成
2025-03-16 04:24:27,339 - root - INFO - Loaded checkpoint sucessfully
2025-03-16 04:24:29,536 - root - INFO - Loaded checkpoint sucessfully
2025-03-16 04:24:29,548 - root - DEBUG - 初始化 Anything_TW 和 AnythingVideo_TW 完成
2025-03-16 04:24:29,548 - root - DEBUG - 初始化定时器完成
2025-03-16 04:24:29,548 - root - DEBUG - 开始连接信号和槽
2025-03-16 04:24:29,549 - root - DEBUG - 信号和槽连接完成
2025-03-16 04:24:29,549 - root - DEBUG - 初始化标签格式: xml
2025-03-16 04:24:29,549 - root - INFO - 主界面初始化完成
2025-03-16 04:24:58,504 - root - INFO - 选择视频: D:/workspace/LabelQuick/video/ceshi.mp4, 输出目录: D:/workspace/LabelQuick/video
2025-03-16 04:24:58,505 - root - INFO - 创建YOLO训练目录结构: D:/workspace/LabelQuick/video\images, D:/workspace/LabelQuick/video\labels
2025-03-16 04:24:58,506 - root - INFO - 输出目录中已有 1 个图像文件，将使用现有图像
2025-03-16 04:24:58,506 - root - INFO - 初始化 AVT 对象
2025-03-16 04:25:00,887 - root - INFO - Loaded checkpoint sucessfully
2025-03-16 04:25:00,910 - root - DEBUG - AVT 对象初始化完成
2025-03-16 04:25:00,910 - root - DEBUG - 设置 AVT 的视频目录: D:/workspace/LabelQuick/video
2025-03-16 04:25:00,910 - sampro.LabelVideo_TW - DEBUG - 找到 1 个帧文件
2025-03-16 04:25:00,911 - sampro.LabelVideo_TW - DEBUG - 使用数字提取排序成功
2025-03-16 04:25:00,911 - sampro.LabelVideo_TW - DEBUG - 排序后的前5个文件: ['0.jpg']
2025-03-16 04:25:00,958 - root - DEBUG - AVT 视频目录设置成功
2025-03-16 04:25:00,958 - root - DEBUG - 找到 1 个视频帧
2025-03-16 04:25:00,958 - root - DEBUG - 初始化 AVT 的推理状态: D:/workspace/LabelQuick/video
2025-03-16 04:25:08,618 - root - DEBUG - AVT 推理状态初始化成功
2025-03-16 04:25:08,620 - root - DEBUG - 设置图像路径: D:/workspace/LabelQuick/video\0.jpg
2025-03-16 04:25:08,620 - root - DEBUG - 图像名称: 0
2025-03-16 04:25:08,631 - root - DEBUG - 调整图像大小: D:/workspace/LabelQuick/video\0.jpg, 1300x736
2025-03-16 04:25:08,651 - root - INFO - For numpy array image, we assume (HxWxC) format
2025-03-16 04:25:08,776 - root - INFO - Computing image embeddings for the provided image...
2025-03-16 04:25:15,785 - root - INFO - Image embeddings computed.
2025-03-16 04:25:15,788 - root - DEBUG - 设置 AT 的图像
2025-03-16 04:25:15,799 - root - DEBUG - 显示图像完成
2025-03-16 04:25:15,800 - root - DEBUG - 启用开始检测打标按钮
2025-03-16 04:25:15,800 - root - DEBUG - 设置鼠标点击事件
2025-03-16 04:25:18,327 - root - INFO - 鼠标点击事件: 坐标=(565, 173)
2025-03-16 04:25:18,328 - root - DEBUG - 设置点击坐标: (565, 173), 方法: 1
2025-03-16 04:25:18,328 - root - DEBUG - 设置 AVT 的点击坐标: (565, 173), 方法: 1
2025-03-16 04:25:18,328 - root - DEBUG - 调用 AVT.Create_Mask
2025-03-16 04:25:18,328 - sampro.LabelVideo_TW - INFO - 创建掩码
2025-03-16 04:25:18,328 - sampro.LabelVideo_TW - DEBUG - 添加新点: 坐标=(565, 173), 方法=1
2025-03-16 04:25:18,330 - sampro.LabelVideo_TW - DEBUG - 点集: [[565 173]], 标签: [1]
2025-03-16 04:25:18,566 - sampro.LabelVideo_TW - DEBUG - 生成的掩码形状: torch.Size([1, 1, 736, 1300])
2025-03-16 04:25:18,567 - sampro.LabelVideo_TW - DEBUG - 掩码形状: (1, 736, 1300)
2025-03-16 04:25:18,567 - sampro.LabelVideo_TW - DEBUG - 帧尺寸: 1300x736
2025-03-16 04:25:18,569 - sampro.LabelVideo_TW - WARNING - 掩码尺寸 (736x1) 与帧尺寸 (1300x736) 不匹配，进行调整
2025-03-16 04:25:18,572 - sampro.LabelVideo_TW - INFO - 绘制掩码，对象 ID: None
2025-03-16 04:25:18,572 - sampro.LabelVideo_TW - DEBUG - 帧尺寸: 1300x736
2025-03-16 04:25:18,573 - sampro.LabelVideo_TW - DEBUG - 原始掩码尺寸: 1300x736
2025-03-16 04:25:18,581 - sampro.LabelVideo_TW - DEBUG - 创建彩色掩码完成
2025-03-16 04:25:18,584 - sampro.LabelVideo_TW - DEBUG - 叠加掩码到原始帧完成
2025-03-16 04:25:18,592 - sampro.LabelVideo_TW - DEBUG - 找到 18 个轮廓
2025-03-16 04:25:18,594 - sampro.LabelVideo_TW - DEBUG - 轮廓 1 面积: 12.0
2025-03-16 04:25:18,594 - sampro.LabelVideo_TW - DEBUG - 更新最大轮廓: 索引=1, 面积=12.0
2025-03-16 04:25:18,594 - sampro.LabelVideo_TW - DEBUG - 轮廓 2 面积: 11.5
2025-03-16 04:25:18,594 - sampro.LabelVideo_TW - DEBUG - 轮廓 3 面积: 10.5
2025-03-16 04:25:18,594 - sampro.LabelVideo_TW - DEBUG - 轮廓 4 面积: 0.0
2025-03-16 04:25:18,594 - sampro.LabelVideo_TW - DEBUG - 轮廓 5 面积: 82.0
2025-03-16 04:25:18,594 - sampro.LabelVideo_TW - DEBUG - 更新最大轮廓: 索引=5, 面积=82.0
2025-03-16 04:25:18,594 - sampro.LabelVideo_TW - DEBUG - 轮廓 6 面积: 9.5
2025-03-16 04:25:18,595 - sampro.LabelVideo_TW - DEBUG - 轮廓 7 面积: 20.0
2025-03-16 04:25:18,595 - sampro.LabelVideo_TW - DEBUG - 轮廓 8 面积: 67.5
2025-03-16 04:25:18,595 - sampro.LabelVideo_TW - DEBUG - 轮廓 9 面积: 1.5
2025-03-16 04:25:18,595 - sampro.LabelVideo_TW - DEBUG - 轮廓 10 面积: 1.5
2025-03-16 04:25:18,595 - sampro.LabelVideo_TW - DEBUG - 轮廓 11 面积: 1.0
2025-03-16 04:25:18,595 - sampro.LabelVideo_TW - DEBUG - 轮廓 12 面积: 2.0
2025-03-16 04:25:18,595 - sampro.LabelVideo_TW - DEBUG - 轮廓 13 面积: 50.5
2025-03-16 04:25:18,595 - sampro.LabelVideo_TW - DEBUG - 轮廓 14 面积: 2.0
2025-03-16 04:25:18,595 - sampro.LabelVideo_TW - DEBUG - 轮廓 15 面积: 2.5
2025-03-16 04:25:18,595 - sampro.LabelVideo_TW - DEBUG - 轮廓 16 面积: 0.5
2025-03-16 04:25:18,595 - sampro.LabelVideo_TW - DEBUG - 轮廓 17 面积: 26.0
2025-03-16 04:25:18,595 - sampro.LabelVideo_TW - DEBUG - 轮廓 18 面积: 28746.5
2025-03-16 04:25:18,595 - sampro.LabelVideo_TW - DEBUG - 更新最大轮廓: 索引=18, 面积=28746.5
2025-03-16 04:25:18,596 - sampro.LabelVideo_TW - DEBUG - 最大轮廓边界框: x=502, y=0, w=187, h=225
2025-03-16 04:25:18,596 - sampro.LabelVideo_TW - DEBUG - 绘制边界框和轮廓完成
2025-03-16 04:25:18,597 - sampro.LabelVideo_TW - INFO - 掩码创建成功
2025-03-16 04:25:18,598 - root - DEBUG - AVT.Create_Mask 调用成功
2025-03-16 04:25:18,598 - root - DEBUG - 设置 AT 的点击坐标: (565, 173), 方法: 1
2025-03-16 04:25:18,598 - root - DEBUG - 调用 AT.Create_Mask
2025-03-16 04:25:18,675 - root - DEBUG - 调用 AT.Draw_Mask
2025-03-16 04:25:18,693 - root - DEBUG - 设置点击事件状态: clicked_event=True, paint_event=False
2025-03-16 04:25:20,354 - root - DEBUG - 开始显示已存在的标签和边界框
2025-03-16 04:25:20,366 - root - DEBUG - 没有标签需要显示，显示原始图像
2025-03-16 04:25:21,898 - root - INFO - 鼠标点击事件: 坐标=(567, 179)
2025-03-16 04:25:21,898 - root - DEBUG - 设置点击坐标: (567, 179), 方法: 1
2025-03-16 04:25:21,898 - root - DEBUG - 设置 AVT 的点击坐标: (567, 179), 方法: 1
2025-03-16 04:25:21,898 - root - DEBUG - 调用 AVT.Create_Mask
2025-03-16 04:25:21,899 - sampro.LabelVideo_TW - INFO - 创建掩码
2025-03-16 04:25:21,899 - sampro.LabelVideo_TW - DEBUG - 添加新点: 坐标=(567, 179), 方法=1
2025-03-16 04:25:21,899 - sampro.LabelVideo_TW - DEBUG - 点集: [[565 173]
 [567 179]], 标签: [1 1]
2025-03-16 04:25:22,010 - sampro.LabelVideo_TW - DEBUG - 生成的掩码形状: torch.Size([1, 1, 736, 1300])
2025-03-16 04:25:22,010 - sampro.LabelVideo_TW - DEBUG - 掩码形状: (1, 736, 1300)
2025-03-16 04:25:22,010 - sampro.LabelVideo_TW - DEBUG - 帧尺寸: 1300x736
2025-03-16 04:25:22,013 - sampro.LabelVideo_TW - WARNING - 掩码尺寸 (736x1) 与帧尺寸 (1300x736) 不匹配，进行调整
2025-03-16 04:25:22,014 - sampro.LabelVideo_TW - INFO - 绘制掩码，对象 ID: None
2025-03-16 04:25:22,014 - sampro.LabelVideo_TW - DEBUG - 帧尺寸: 1300x736
2025-03-16 04:25:22,015 - sampro.LabelVideo_TW - DEBUG - 原始掩码尺寸: 1300x736
2025-03-16 04:25:22,021 - sampro.LabelVideo_TW - DEBUG - 创建彩色掩码完成
2025-03-16 04:25:22,023 - sampro.LabelVideo_TW - DEBUG - 叠加掩码到原始帧完成
2025-03-16 04:25:22,024 - sampro.LabelVideo_TW - DEBUG - 找到 11 个轮廓
2025-03-16 04:25:22,025 - sampro.LabelVideo_TW - DEBUG - 轮廓 1 面积: 2.0
2025-03-16 04:25:22,025 - sampro.LabelVideo_TW - DEBUG - 更新最大轮廓: 索引=1, 面积=2.0
2025-03-16 04:25:22,025 - sampro.LabelVideo_TW - DEBUG - 轮廓 2 面积: 0.0
2025-03-16 04:25:22,025 - sampro.LabelVideo_TW - DEBUG - 轮廓 3 面积: 0.5
2025-03-16 04:25:22,025 - sampro.LabelVideo_TW - DEBUG - 轮廓 4 面积: 70.0
2025-03-16 04:25:22,025 - sampro.LabelVideo_TW - DEBUG - 更新最大轮廓: 索引=4, 面积=70.0
2025-03-16 04:25:22,025 - sampro.LabelVideo_TW - DEBUG - 轮廓 5 面积: 135.0
2025-03-16 04:25:22,025 - sampro.LabelVideo_TW - DEBUG - 更新最大轮廓: 索引=5, 面积=135.0
2025-03-16 04:25:22,025 - sampro.LabelVideo_TW - DEBUG - 轮廓 6 面积: 0.5
2025-03-16 04:25:22,025 - sampro.LabelVideo_TW - DEBUG - 轮廓 7 面积: 1.0
2025-03-16 04:25:22,026 - sampro.LabelVideo_TW - DEBUG - 轮廓 8 面积: 0.0
2025-03-16 04:25:22,026 - sampro.LabelVideo_TW - DEBUG - 轮廓 9 面积: 0.0
2025-03-16 04:25:22,026 - sampro.LabelVideo_TW - DEBUG - 轮廓 10 面积: 11.0
2025-03-16 04:25:22,026 - sampro.LabelVideo_TW - DEBUG - 轮廓 11 面积: 30315.5
2025-03-16 04:25:22,026 - sampro.LabelVideo_TW - DEBUG - 更新最大轮廓: 索引=11, 面积=30315.5
2025-03-16 04:25:22,026 - sampro.LabelVideo_TW - DEBUG - 最大轮廓边界框: x=498, y=0, w=195, h=225
2025-03-16 04:25:22,027 - sampro.LabelVideo_TW - DEBUG - 绘制边界框和轮廓完成
2025-03-16 04:25:22,028 - sampro.LabelVideo_TW - INFO - 掩码创建成功
2025-03-16 04:25:22,028 - root - DEBUG - AVT.Create_Mask 调用成功
2025-03-16 04:25:22,028 - root - DEBUG - 设置 AT 的点击坐标: (567, 179), 方法: 1
2025-03-16 04:25:22,028 - root - DEBUG - 调用 AT.Create_Mask
2025-03-16 04:25:22,096 - root - DEBUG - 调用 AT.Draw_Mask
2025-03-16 04:25:22,103 - root - DEBUG - 设置点击事件状态: clicked_event=True, paint_event=False
2025-03-16 04:25:26,832 - root - INFO - 视频对话框确认，标签文本: 篮球
2025-03-16 04:25:26,832 - root - DEBUG - 添加标签到列表: 篮球
2025-03-16 04:25:26,833 - root - DEBUG - 初始化 list_labels 列表
2025-03-16 04:25:26,834 - root - DEBUG - 确保YOLO目录结构存在: D:/workspace/LabelQuick/video\images\train, D:/workspace/LabelQuick/video\labels\train
2025-03-16 04:25:26,834 - root - DEBUG - 使用 XML 格式保存标签: 篮球
2025-03-16 04:25:26,834 - root - DEBUG - 边界框坐标: x=557, y=175, w=25, h=24
2025-03-16 04:25:26,834 - root - DEBUG - 保存 XML 标签到: D:/workspace/LabelQuick/video\0.xml, 大小: [1300, 736, 3]
2025-03-16 04:25:26,836 - root - INFO - XML 标签已保存: D:/workspace/LabelQuick/video\0.xml
2025-03-16 04:25:26,837 - root - DEBUG - 启用开始检测打标按钮
2025-03-16 04:25:26,837 - root - DEBUG - 重置点击和绘制事件状态
2025-03-16 04:25:26,837 - root - DEBUG - 开始显示已存在的标签和边界框
2025-03-16 04:25:26,847 - root - DEBUG - 显示 1 个点击标签和 0 个绘制标签
2025-03-16 04:25:26,848 - root - DEBUG - 绘制点击标签 1: (557, 175) - (582, 199)
2025-03-16 04:25:26,849 - root - DEBUG - 标签显示完成
2025-03-16 04:25:26,850 - root - DEBUG - 显示已存在的标签
2025-03-16 04:25:30,186 - root - INFO - 开始视频检测打标
2025-03-16 04:25:30,187 - root - DEBUG - 禁用开始检测打标按钮
2025-03-16 04:25:30,187 - root - DEBUG - 视频路径: D:/workspace/LabelQuick/video/ceshi.mp4, 输出目录: D:/workspace/LabelQuick/video
2025-03-16 04:25:30,187 - root - DEBUG - 设置 AVT 的点击坐标: (567, 179), 方法: 1
2025-03-16 04:25:30,187 - root - DEBUG - AVT 点击坐标设置成功
2025-03-16 04:25:30,188 - root - DEBUG - 添加点击点到模型
2025-03-16 04:25:30,188 - sampro.LabelVideo_TW - DEBUG - 添加新点: 坐标=(567, 179), 方法=1
2025-03-16 04:25:30,188 - sampro.LabelVideo_TW - DEBUG - 点集: [[565 173]
 [567 179]
 [567 179]], 标签: [1 1 1]
2025-03-16 04:25:30,302 - sampro.LabelVideo_TW - DEBUG - 生成的掩码形状: torch.Size([1, 1, 736, 1300])
2025-03-16 04:25:30,303 - root - DEBUG - 点击点添加成功
2025-03-16 04:25:30,303 - root - DEBUG - 创建视频处理线程，点击坐标: (567, 179), 方法: 1, 文本: 篮球
2025-03-16 04:25:30,303 - root - DEBUG - 保存路径: D:/workspace/LabelQuick/video, 格式: xml, 类别映射: {}
2025-03-16 04:25:30,303 - root - DEBUG - 将标签 '篮球' 添加到类别映射
2025-03-16 04:25:30,303 - root - DEBUG - 更新后的类别映射: {'篮球': 0}
2025-03-16 04:25:30,304 - root - INFO - 初始化视频处理线程
2025-03-16 04:25:30,305 - root - DEBUG - 视频处理线程初始化完成: 视频路径=D:/workspace/LabelQuick/video/ceshi.mp4, 输出目录=D:/workspace/LabelQuick/video, 格式=xml
2025-03-16 04:25:30,305 - root - DEBUG - 连接视频处理线程信号
2025-03-16 04:25:30,305 - root - INFO - 启动视频处理线程
2025-03-16 04:25:30,306 - root - DEBUG - 禁用其他按钮，防止重复处理
2025-03-16 04:25:30,306 - root - INFO - 开始视频处理: 点击坐标=(567, 179), 方法=1
2025-03-16 04:25:30,308 - root - DEBUG - 创建输出目录: D:/workspace/LabelQuick/video 和 mask 子目录: D:/workspace/LabelQuick/video\mask
2025-03-16 04:25:30,308 - root - DEBUG - 确保YOLO目录结构存在: D:/workspace/LabelQuick/video\images\train, D:/workspace/LabelQuick/video\labels\train
2025-03-16 04:25:30,308 - root - INFO - 开始从视频提取帧: D:/workspace/LabelQuick/video/ceshi.mp4
2025-03-16 04:25:31,789 - root - INFO - 视频帧提取完成，共 43 帧
2025-03-16 04:25:31,808 - root - DEBUG - 发送第一帧到UI
2025-03-16 04:25:31,808 - root - DEBUG - 接收到新的视频帧
2025-03-16 04:25:31,809 - root - DEBUG - 设置 AVT 的视频目录: D:/workspace/LabelQuick/video
2025-03-16 04:25:31,809 - root - DEBUG - 帧尺寸: 1300x736
2025-03-16 04:25:31,809 - sampro.LabelVideo_TW - DEBUG - 找到 43 个帧文件
2025-03-16 04:25:31,810 - sampro.LabelVideo_TW - DEBUG - 使用数字提取排序成功
2025-03-16 04:25:31,810 - root - DEBUG - 转换 RGB 帧为 QImage
2025-03-16 04:25:31,810 - sampro.LabelVideo_TW - DEBUG - 排序后的前5个文件: ['0.jpg', '1.jpg', '2.jpg', '3.jpg', '4.jpg']
2025-03-16 04:25:31,812 - root - DEBUG - 更新 UI 显示帧
2025-03-16 04:25:31,813 - root - DEBUG - 更新处理进度信息
2025-03-16 04:25:31,836 - root - INFO - 开始处理视频帧，总帧数: 43
2025-03-16 04:25:31,836 - root - DEBUG - 设置 AVT 的点击坐标: (567, 179), 方法: 1
2025-03-16 04:25:31,837 - root - INFO - 开始自动视频打标
2025-03-16 04:25:31,837 - sampro.LabelVideo_TW - INFO - 开始自动视频打标，格式: xml, 文本: 篮球
2025-03-16 04:25:31,837 - sampro.LabelVideo_TW - INFO - 开始收集视频分割结果
2025-03-16 04:25:31,989 - sampro.LabelVideo_TW - DEBUG - 帧 0 的分割结果: 对象 IDs [1]
2025-03-16 04:25:31,990 - sampro.LabelVideo_TW - INFO - 收集到 1 个帧的分割结果
2025-03-16 04:25:31,990 - sampro.LabelVideo_TW - INFO - 开始处理所有帧并生成标签
2025-03-16 04:25:31,991 - sampro.LabelVideo_TW - INFO - 开始绘制轮廓，格式: xml, 文本: 篮球
2025-03-16 04:25:31,991 - sampro.LabelVideo_TW - DEBUG - 起始帧: 0, 返回帧: False, 保存图像路径: D:/workspace/LabelQuick/video\mask, 保存标签路径: D:/workspace/LabelQuick/video
2025-03-16 04:25:31,991 - sampro.LabelVideo_TW - DEBUG - 开始在视频中传播分割结果
2025-03-16 04:25:31,993 - sampro.LabelVideo_TW - DEBUG - 帧 0 的掩码形状: torch.Size([1, 1, 736, 1300])
2025-03-16 04:25:31,995 - sampro.LabelVideo_TW - DEBUG - 帧 0, 对象 1 的掩码形状: (1, 736, 1300)
2025-03-16 04:25:31,995 - sampro.LabelVideo_TW - DEBUG - 帧 0 的分割结果: 对象 IDs [1]
2025-03-16 04:25:31,996 - sampro.LabelVideo_TW - DEBUG - 找到 43 个帧
2025-03-16 04:25:31,996 - sampro.LabelVideo_TW - INFO - 开始处理 43 个帧
2025-03-16 04:25:31,997 - sampro.LabelVideo_TW - DEBUG - 处理帧 0: D:/workspace/LabelQuick/video\0.jpg
2025-03-16 04:25:32,011 - sampro.LabelVideo_TW - DEBUG - 帧 0 尺寸: 1300x736
2025-03-16 04:25:32,012 - sampro.LabelVideo_TW - DEBUG - 帧 0 有 1 个分割对象
2025-03-16 04:25:32,012 - sampro.LabelVideo_TW - DEBUG - 处理帧 0 的对象 1
2025-03-16 04:25:32,012 - sampro.LabelVideo_TW - DEBUG - 原始掩码尺寸: (1, 736, 1300)
2025-03-16 04:25:32,012 - sampro.LabelVideo_TW - DEBUG - 转换掩码类型从 bool 到 uint8
2025-03-16 04:25:32,014 - sampro.LabelVideo_TW - WARNING - 掩码尺寸 (736x1) 与帧尺寸 (1300x736) 不匹配，进行调整
2025-03-16 04:25:32,015 - sampro.LabelVideo_TW - DEBUG - 调整后的掩码尺寸: (736, 1300)
2025-03-16 04:25:32,016 - sampro.LabelVideo_TW - INFO - 绘制掩码，对象 ID: 1
2025-03-16 04:25:32,016 - sampro.LabelVideo_TW - DEBUG - 帧尺寸: 1300x736
2025-03-16 04:25:32,016 - sampro.LabelVideo_TW - DEBUG - 原始掩码尺寸: 1300x736
2025-03-16 04:25:32,022 - sampro.LabelVideo_TW - DEBUG - 创建彩色掩码完成
2025-03-16 04:25:32,023 - sampro.LabelVideo_TW - DEBUG - 叠加掩码到原始帧完成
2025-03-16 04:25:32,024 - sampro.LabelVideo_TW - DEBUG - 找到 4 个轮廓
2025-03-16 04:25:32,025 - sampro.LabelVideo_TW - DEBUG - 轮廓 1 面积: 1.0
2025-03-16 04:25:32,026 - sampro.LabelVideo_TW - DEBUG - 更新最大轮廓: 索引=1, 面积=1.0
2025-03-16 04:25:32,026 - sampro.LabelVideo_TW - DEBUG - 轮廓 2 面积: 10.5
2025-03-16 04:25:32,026 - sampro.LabelVideo_TW - DEBUG - 更新最大轮廓: 索引=2, 面积=10.5
2025-03-16 04:25:32,026 - sampro.LabelVideo_TW - DEBUG - 轮廓 3 面积: 4.0
2025-03-16 04:25:32,026 - sampro.LabelVideo_TW - DEBUG - 轮廓 4 面积: 27782.0
2025-03-16 04:25:32,026 - sampro.LabelVideo_TW - DEBUG - 更新最大轮廓: 索引=4, 面积=27782.0
2025-03-16 04:25:32,026 - sampro.LabelVideo_TW - DEBUG - 最大轮廓边界框: x=505, y=0, w=184, h=224
2025-03-16 04:25:32,027 - sampro.LabelVideo_TW - DEBUG - 绘制边界框和轮廓完成
2025-03-16 04:25:32,028 - sampro.LabelVideo_TW - DEBUG - 绘制掩码成功，边界框: x=505, y=0, w=184, h=224
2025-03-16 04:25:32,028 - sampro.LabelVideo_TW - DEBUG - 保存处理后的帧图像
2025-03-16 04:25:32,038 - sampro.LabelVideo_TW - DEBUG - 保存调整后的图像到: D:/workspace/LabelQuick/video\mask/0.jpg, 大小: 1300x736.0
2025-03-16 04:25:32,038 - sampro.LabelVideo_TW - DEBUG - 创建 XML 格式标签，文本: 篮球
2025-03-16 04:25:32,038 - sampro.LabelVideo_TW - DEBUG - XML 标签信息: 路径=D:/workspace/LabelQuick/video\0.xml, 大小=[1300, 736, 3]
2025-03-16 04:25:32,038 - sampro.LabelVideo_TW - DEBUG - 添加标签消息到列表，当前共 1 个消息
2025-03-16 04:25:32,038 - sampro.LabelVideo_TW - DEBUG - 处理帧 1: D:/workspace/LabelQuick/video\1.jpg
2025-03-16 04:25:32,065 - sampro.LabelVideo_TW - DEBUG - 帧 1 尺寸: 1300x736
2025-03-16 04:25:32,066 - sampro.LabelVideo_TW - WARNING - Warning: Invalid frame at index 1
2025-03-16 04:25:32,067 - sampro.LabelVideo_TW - DEBUG - 处理帧 2: D:/workspace/LabelQuick/video\2.jpg
2025-03-16 04:25:32,094 - sampro.LabelVideo_TW - DEBUG - 帧 2 尺寸: 1300x736
2025-03-16 04:25:32,094 - sampro.LabelVideo_TW - WARNING - Warning: Invalid frame at index 2
2025-03-16 04:25:32,095 - sampro.LabelVideo_TW - DEBUG - 处理帧 3: D:/workspace/LabelQuick/video\3.jpg
2025-03-16 04:25:32,121 - sampro.LabelVideo_TW - DEBUG - 帧 3 尺寸: 1300x736
2025-03-16 04:25:32,121 - sampro.LabelVideo_TW - WARNING - Warning: Invalid frame at index 3
2025-03-16 04:25:32,122 - sampro.LabelVideo_TW - DEBUG - 处理帧 4: D:/workspace/LabelQuick/video\4.jpg
2025-03-16 04:25:32,148 - sampro.LabelVideo_TW - DEBUG - 帧 4 尺寸: 1300x736
2025-03-16 04:25:32,148 - sampro.LabelVideo_TW - WARNING - Warning: Invalid frame at index 4
2025-03-16 04:25:32,148 - sampro.LabelVideo_TW - DEBUG - 处理帧 5: D:/workspace/LabelQuick/video\5.jpg
2025-03-16 04:25:32,163 - sampro.LabelVideo_TW - DEBUG - 帧 5 尺寸: 1300x736
2025-03-16 04:25:32,164 - sampro.LabelVideo_TW - WARNING - Warning: Invalid frame at index 5
2025-03-16 04:25:32,164 - sampro.LabelVideo_TW - DEBUG - 处理帧 6: D:/workspace/LabelQuick/video\6.jpg
2025-03-16 04:25:32,191 - sampro.LabelVideo_TW - DEBUG - 帧 6 尺寸: 1300x736
2025-03-16 04:25:32,191 - sampro.LabelVideo_TW - WARNING - Warning: Invalid frame at index 6
2025-03-16 04:25:32,191 - sampro.LabelVideo_TW - DEBUG - 处理帧 7: D:/workspace/LabelQuick/video\7.jpg
2025-03-16 04:25:32,214 - sampro.LabelVideo_TW - DEBUG - 帧 7 尺寸: 1300x736
2025-03-16 04:25:32,214 - sampro.LabelVideo_TW - WARNING - Warning: Invalid frame at index 7
2025-03-16 04:25:32,215 - sampro.LabelVideo_TW - DEBUG - 处理帧 8: D:/workspace/LabelQuick/video\8.jpg
2025-03-16 04:25:32,237 - sampro.LabelVideo_TW - DEBUG - 帧 8 尺寸: 1300x736
2025-03-16 04:25:32,237 - sampro.LabelVideo_TW - WARNING - Warning: Invalid frame at index 8
2025-03-16 04:25:32,237 - sampro.LabelVideo_TW - DEBUG - 处理帧 9: D:/workspace/LabelQuick/video\9.jpg
2025-03-16 04:25:32,256 - sampro.LabelVideo_TW - DEBUG - 帧 9 尺寸: 1300x736
2025-03-16 04:25:32,256 - sampro.LabelVideo_TW - WARNING - Warning: Invalid frame at index 9
2025-03-16 04:25:32,257 - sampro.LabelVideo_TW - DEBUG - 处理帧 10: D:/workspace/LabelQuick/video\10.jpg
2025-03-16 04:25:32,277 - sampro.LabelVideo_TW - DEBUG - 帧 10 尺寸: 1300x736
2025-03-16 04:25:32,278 - sampro.LabelVideo_TW - WARNING - Warning: Invalid frame at index 10
2025-03-16 04:25:32,278 - sampro.LabelVideo_TW - DEBUG - 处理帧 11: D:/workspace/LabelQuick/video\11.jpg
2025-03-16 04:25:32,297 - sampro.LabelVideo_TW - DEBUG - 帧 11 尺寸: 1300x736
2025-03-16 04:25:32,297 - sampro.LabelVideo_TW - WARNING - Warning: Invalid frame at index 11
2025-03-16 04:25:32,298 - sampro.LabelVideo_TW - DEBUG - 处理帧 12: D:/workspace/LabelQuick/video\12.jpg
2025-03-16 04:25:32,316 - sampro.LabelVideo_TW - DEBUG - 帧 12 尺寸: 1300x736
2025-03-16 04:25:32,316 - sampro.LabelVideo_TW - WARNING - Warning: Invalid frame at index 12
2025-03-16 04:25:32,316 - sampro.LabelVideo_TW - DEBUG - 处理帧 13: D:/workspace/LabelQuick/video\13.jpg
2025-03-16 04:25:32,335 - sampro.LabelVideo_TW - DEBUG - 帧 13 尺寸: 1300x736
2025-03-16 04:25:32,336 - sampro.LabelVideo_TW - WARNING - Warning: Invalid frame at index 13
2025-03-16 04:25:32,336 - sampro.LabelVideo_TW - DEBUG - 处理帧 14: D:/workspace/LabelQuick/video\14.jpg
2025-03-16 04:25:32,353 - sampro.LabelVideo_TW - DEBUG - 帧 14 尺寸: 1300x736
2025-03-16 04:25:32,354 - sampro.LabelVideo_TW - WARNING - Warning: Invalid frame at index 14
2025-03-16 04:25:32,354 - sampro.LabelVideo_TW - DEBUG - 处理帧 15: D:/workspace/LabelQuick/video\15.jpg
2025-03-16 04:25:32,373 - sampro.LabelVideo_TW - DEBUG - 帧 15 尺寸: 1300x736
2025-03-16 04:25:32,373 - sampro.LabelVideo_TW - WARNING - Warning: Invalid frame at index 15
2025-03-16 04:25:32,373 - sampro.LabelVideo_TW - DEBUG - 处理帧 16: D:/workspace/LabelQuick/video\16.jpg
2025-03-16 04:25:32,391 - sampro.LabelVideo_TW - DEBUG - 帧 16 尺寸: 1300x736
2025-03-16 04:25:32,392 - sampro.LabelVideo_TW - WARNING - Warning: Invalid frame at index 16
2025-03-16 04:25:32,392 - sampro.LabelVideo_TW - DEBUG - 处理帧 17: D:/workspace/LabelQuick/video\17.jpg
2025-03-16 04:25:32,410 - sampro.LabelVideo_TW - DEBUG - 帧 17 尺寸: 1300x736
2025-03-16 04:25:32,411 - sampro.LabelVideo_TW - WARNING - Warning: Invalid frame at index 17
2025-03-16 04:25:32,411 - sampro.LabelVideo_TW - DEBUG - 处理帧 18: D:/workspace/LabelQuick/video\18.jpg
2025-03-16 04:25:32,431 - sampro.LabelVideo_TW - DEBUG - 帧 18 尺寸: 1300x736
2025-03-16 04:25:32,431 - sampro.LabelVideo_TW - WARNING - Warning: Invalid frame at index 18
2025-03-16 04:25:32,431 - sampro.LabelVideo_TW - DEBUG - 处理帧 19: D:/workspace/LabelQuick/video\19.jpg
2025-03-16 04:25:32,449 - sampro.LabelVideo_TW - DEBUG - 帧 19 尺寸: 1300x736
2025-03-16 04:25:32,450 - sampro.LabelVideo_TW - WARNING - Warning: Invalid frame at index 19
2025-03-16 04:25:32,450 - sampro.LabelVideo_TW - DEBUG - 处理帧 20: D:/workspace/LabelQuick/video\20.jpg
2025-03-16 04:25:32,468 - sampro.LabelVideo_TW - DEBUG - 帧 20 尺寸: 1300x736
2025-03-16 04:25:32,468 - sampro.LabelVideo_TW - WARNING - Warning: Invalid frame at index 20
2025-03-16 04:25:32,468 - sampro.LabelVideo_TW - DEBUG - 处理帧 21: D:/workspace/LabelQuick/video\21.jpg
2025-03-16 04:25:32,487 - sampro.LabelVideo_TW - DEBUG - 帧 21 尺寸: 1300x736
2025-03-16 04:25:32,487 - sampro.LabelVideo_TW - WARNING - Warning: Invalid frame at index 21
2025-03-16 04:25:32,488 - sampro.LabelVideo_TW - DEBUG - 处理帧 22: D:/workspace/LabelQuick/video\22.jpg
2025-03-16 04:25:32,506 - sampro.LabelVideo_TW - DEBUG - 帧 22 尺寸: 1300x736
2025-03-16 04:25:32,506 - sampro.LabelVideo_TW - WARNING - Warning: Invalid frame at index 22
2025-03-16 04:25:32,506 - sampro.LabelVideo_TW - DEBUG - 处理帧 23: D:/workspace/LabelQuick/video\23.jpg
2025-03-16 04:25:32,527 - sampro.LabelVideo_TW - DEBUG - 帧 23 尺寸: 1300x736
2025-03-16 04:25:32,528 - sampro.LabelVideo_TW - WARNING - Warning: Invalid frame at index 23
2025-03-16 04:25:32,528 - sampro.LabelVideo_TW - DEBUG - 处理帧 24: D:/workspace/LabelQuick/video\24.jpg
2025-03-16 04:25:32,546 - sampro.LabelVideo_TW - DEBUG - 帧 24 尺寸: 1300x736
2025-03-16 04:25:32,546 - sampro.LabelVideo_TW - WARNING - Warning: Invalid frame at index 24
2025-03-16 04:25:32,547 - sampro.LabelVideo_TW - DEBUG - 处理帧 25: D:/workspace/LabelQuick/video\25.jpg
2025-03-16 04:25:32,567 - sampro.LabelVideo_TW - DEBUG - 帧 25 尺寸: 1300x736
2025-03-16 04:25:32,567 - sampro.LabelVideo_TW - WARNING - Warning: Invalid frame at index 25
2025-03-16 04:25:32,567 - sampro.LabelVideo_TW - DEBUG - 处理帧 26: D:/workspace/LabelQuick/video\26.jpg
2025-03-16 04:25:32,586 - sampro.LabelVideo_TW - DEBUG - 帧 26 尺寸: 1300x736
2025-03-16 04:25:32,586 - sampro.LabelVideo_TW - WARNING - Warning: Invalid frame at index 26
2025-03-16 04:25:32,586 - sampro.LabelVideo_TW - DEBUG - 处理帧 27: D:/workspace/LabelQuick/video\27.jpg
2025-03-16 04:25:32,605 - sampro.LabelVideo_TW - DEBUG - 帧 27 尺寸: 1300x736
2025-03-16 04:25:32,605 - sampro.LabelVideo_TW - WARNING - Warning: Invalid frame at index 27
2025-03-16 04:25:32,606 - sampro.LabelVideo_TW - DEBUG - 处理帧 28: D:/workspace/LabelQuick/video\28.jpg
2025-03-16 04:25:32,626 - sampro.LabelVideo_TW - DEBUG - 帧 28 尺寸: 1300x736
2025-03-16 04:25:32,626 - sampro.LabelVideo_TW - WARNING - Warning: Invalid frame at index 28
2025-03-16 04:25:32,626 - sampro.LabelVideo_TW - DEBUG - 处理帧 29: D:/workspace/LabelQuick/video\29.jpg
2025-03-16 04:25:32,647 - sampro.LabelVideo_TW - DEBUG - 帧 29 尺寸: 1300x736
2025-03-16 04:25:32,647 - sampro.LabelVideo_TW - WARNING - Warning: Invalid frame at index 29
2025-03-16 04:25:32,647 - sampro.LabelVideo_TW - DEBUG - 处理帧 30: D:/workspace/LabelQuick/video\30.jpg
2025-03-16 04:25:32,670 - sampro.LabelVideo_TW - DEBUG - 帧 30 尺寸: 1300x736
2025-03-16 04:25:32,670 - sampro.LabelVideo_TW - WARNING - Warning: Invalid frame at index 30
2025-03-16 04:25:32,670 - sampro.LabelVideo_TW - DEBUG - 处理帧 31: D:/workspace/LabelQuick/video\31.jpg
2025-03-16 04:25:32,689 - sampro.LabelVideo_TW - DEBUG - 帧 31 尺寸: 1300x736
2025-03-16 04:25:32,689 - sampro.LabelVideo_TW - WARNING - Warning: Invalid frame at index 31
2025-03-16 04:25:32,689 - sampro.LabelVideo_TW - DEBUG - 处理帧 32: D:/workspace/LabelQuick/video\32.jpg
2025-03-16 04:25:32,709 - sampro.LabelVideo_TW - DEBUG - 帧 32 尺寸: 1300x736
2025-03-16 04:25:32,709 - sampro.LabelVideo_TW - WARNING - Warning: Invalid frame at index 32
2025-03-16 04:25:32,709 - sampro.LabelVideo_TW - DEBUG - 处理帧 33: D:/workspace/LabelQuick/video\33.jpg
2025-03-16 04:25:32,729 - sampro.LabelVideo_TW - DEBUG - 帧 33 尺寸: 1300x736
2025-03-16 04:25:32,729 - sampro.LabelVideo_TW - WARNING - Warning: Invalid frame at index 33
2025-03-16 04:25:32,730 - sampro.LabelVideo_TW - DEBUG - 处理帧 34: D:/workspace/LabelQuick/video\34.jpg
2025-03-16 04:25:32,748 - sampro.LabelVideo_TW - DEBUG - 帧 34 尺寸: 1300x736
2025-03-16 04:25:32,748 - sampro.LabelVideo_TW - WARNING - Warning: Invalid frame at index 34
2025-03-16 04:25:32,748 - sampro.LabelVideo_TW - DEBUG - 处理帧 35: D:/workspace/LabelQuick/video\35.jpg
2025-03-16 04:25:32,765 - sampro.LabelVideo_TW - DEBUG - 帧 35 尺寸: 1300x736
2025-03-16 04:25:32,765 - sampro.LabelVideo_TW - WARNING - Warning: Invalid frame at index 35
2025-03-16 04:25:32,766 - sampro.LabelVideo_TW - DEBUG - 处理帧 36: D:/workspace/LabelQuick/video\36.jpg
2025-03-16 04:25:32,784 - sampro.LabelVideo_TW - DEBUG - 帧 36 尺寸: 1300x736
2025-03-16 04:25:32,784 - sampro.LabelVideo_TW - WARNING - Warning: Invalid frame at index 36
2025-03-16 04:25:32,784 - sampro.LabelVideo_TW - DEBUG - 处理帧 37: D:/workspace/LabelQuick/video\37.jpg
2025-03-16 04:25:32,801 - sampro.LabelVideo_TW - DEBUG - 帧 37 尺寸: 1300x736
2025-03-16 04:25:32,801 - sampro.LabelVideo_TW - WARNING - Warning: Invalid frame at index 37
2025-03-16 04:25:32,802 - sampro.LabelVideo_TW - DEBUG - 处理帧 38: D:/workspace/LabelQuick/video\38.jpg
2025-03-16 04:25:32,822 - sampro.LabelVideo_TW - DEBUG - 帧 38 尺寸: 1300x736
2025-03-16 04:25:32,822 - sampro.LabelVideo_TW - WARNING - Warning: Invalid frame at index 38
2025-03-16 04:25:32,823 - sampro.LabelVideo_TW - DEBUG - 处理帧 39: D:/workspace/LabelQuick/video\39.jpg
2025-03-16 04:25:32,841 - sampro.LabelVideo_TW - DEBUG - 帧 39 尺寸: 1300x736
2025-03-16 04:25:32,841 - sampro.LabelVideo_TW - WARNING - Warning: Invalid frame at index 39
2025-03-16 04:25:32,842 - sampro.LabelVideo_TW - DEBUG - 处理帧 40: D:/workspace/LabelQuick/video\40.jpg
2025-03-16 04:25:32,861 - sampro.LabelVideo_TW - DEBUG - 帧 40 尺寸: 1300x736
2025-03-16 04:25:32,861 - sampro.LabelVideo_TW - WARNING - Warning: Invalid frame at index 40
2025-03-16 04:25:32,861 - sampro.LabelVideo_TW - DEBUG - 处理帧 41: D:/workspace/LabelQuick/video\41.jpg
2025-03-16 04:25:32,880 - sampro.LabelVideo_TW - DEBUG - 帧 41 尺寸: 1300x736
2025-03-16 04:25:32,881 - sampro.LabelVideo_TW - WARNING - Warning: Invalid frame at index 41
2025-03-16 04:25:32,881 - sampro.LabelVideo_TW - DEBUG - 处理帧 42: D:/workspace/LabelQuick/video\42.jpg
2025-03-16 04:25:32,900 - sampro.LabelVideo_TW - DEBUG - 帧 42 尺寸: 1300x736
2025-03-16 04:25:32,901 - sampro.LabelVideo_TW - WARNING - Warning: Invalid frame at index 42
2025-03-16 04:25:32,901 - sampro.LabelVideo_TW - INFO - 帧处理完成，返回 1 个标签消息
2025-03-16 04:25:32,907 - root - DEBUG - 收到 1 个标签消息
2025-03-16 04:25:32,907 - root - INFO - 视频处理完成，发送完成信号
2025-03-16 04:25:32,908 - root - INFO - 视频处理完成
2025-03-16 04:25:32,909 - root - DEBUG - 收到 1 个标签消息
2025-03-16 04:25:32,909 - root - DEBUG - 输出目录中有 43 个图像文件
2025-03-16 04:25:32,909 - root - DEBUG - 处理图像文件: D:/workspace/LabelQuick/video\0.jpg
2025-03-16 04:25:32,910 - root - DEBUG - 找到 1 个匹配的标签消息
2025-03-16 04:25:32,910 - root - DEBUG - 保存 XML 标签到: D:/workspace/LabelQuick/video\0.xml, 大小: [1300, 736, 3]
2025-03-16 04:25:32,911 - root - INFO - 已保存 XML 标签: D:/workspace/LabelQuick/video\0.xml
2025-03-16 04:25:32,911 - root - DEBUG - 处理图像文件: D:/workspace/LabelQuick/video\1.jpg
2025-03-16 04:25:32,911 - root - DEBUG - 找到 0 个匹配的标签消息
2025-03-16 04:25:32,911 - root - DEBUG - 处理图像文件: D:/workspace/LabelQuick/video\10.jpg
2025-03-16 04:25:32,912 - root - DEBUG - 找到 0 个匹配的标签消息
2025-03-16 04:25:32,912 - root - DEBUG - 处理图像文件: D:/workspace/LabelQuick/video\11.jpg
2025-03-16 04:25:32,912 - root - DEBUG - 找到 0 个匹配的标签消息
2025-03-16 04:25:32,912 - root - DEBUG - 处理图像文件: D:/workspace/LabelQuick/video\12.jpg
2025-03-16 04:25:32,912 - root - DEBUG - 找到 0 个匹配的标签消息
2025-03-16 04:25:32,912 - root - DEBUG - 处理图像文件: D:/workspace/LabelQuick/video\13.jpg
2025-03-16 04:25:32,912 - root - DEBUG - 找到 0 个匹配的标签消息
2025-03-16 04:25:32,912 - root - DEBUG - 处理图像文件: D:/workspace/LabelQuick/video\14.jpg
2025-03-16 04:25:32,912 - root - DEBUG - 找到 0 个匹配的标签消息
2025-03-16 04:25:32,912 - root - DEBUG - 处理图像文件: D:/workspace/LabelQuick/video\15.jpg
2025-03-16 04:25:32,912 - root - DEBUG - 找到 0 个匹配的标签消息
2025-03-16 04:25:32,912 - root - DEBUG - 处理图像文件: D:/workspace/LabelQuick/video\16.jpg
2025-03-16 04:25:32,912 - root - DEBUG - 找到 0 个匹配的标签消息
2025-03-16 04:25:32,912 - root - DEBUG - 处理图像文件: D:/workspace/LabelQuick/video\17.jpg
2025-03-16 04:25:32,912 - root - DEBUG - 找到 0 个匹配的标签消息
2025-03-16 04:25:32,913 - root - DEBUG - 处理图像文件: D:/workspace/LabelQuick/video\18.jpg
2025-03-16 04:25:32,913 - root - DEBUG - 找到 0 个匹配的标签消息
2025-03-16 04:25:32,913 - root - DEBUG - 处理图像文件: D:/workspace/LabelQuick/video\19.jpg
2025-03-16 04:25:32,913 - root - DEBUG - 找到 0 个匹配的标签消息
2025-03-16 04:25:32,913 - root - DEBUG - 处理图像文件: D:/workspace/LabelQuick/video\2.jpg
2025-03-16 04:25:32,913 - root - DEBUG - 找到 0 个匹配的标签消息
2025-03-16 04:25:32,913 - root - DEBUG - 处理图像文件: D:/workspace/LabelQuick/video\20.jpg
2025-03-16 04:25:32,913 - root - DEBUG - 找到 0 个匹配的标签消息
2025-03-16 04:25:32,913 - root - DEBUG - 处理图像文件: D:/workspace/LabelQuick/video\21.jpg
2025-03-16 04:25:32,913 - root - DEBUG - 找到 0 个匹配的标签消息
2025-03-16 04:25:32,913 - root - DEBUG - 处理图像文件: D:/workspace/LabelQuick/video\22.jpg
2025-03-16 04:25:32,913 - root - DEBUG - 找到 0 个匹配的标签消息
2025-03-16 04:25:32,913 - root - DEBUG - 处理图像文件: D:/workspace/LabelQuick/video\23.jpg
2025-03-16 04:25:32,913 - root - DEBUG - 找到 0 个匹配的标签消息
2025-03-16 04:25:32,913 - root - DEBUG - 处理图像文件: D:/workspace/LabelQuick/video\24.jpg
2025-03-16 04:25:32,913 - root - DEBUG - 找到 0 个匹配的标签消息
2025-03-16 04:25:32,913 - root - DEBUG - 处理图像文件: D:/workspace/LabelQuick/video\25.jpg
2025-03-16 04:25:32,913 - root - DEBUG - 找到 0 个匹配的标签消息
2025-03-16 04:25:32,913 - root - DEBUG - 处理图像文件: D:/workspace/LabelQuick/video\26.jpg
2025-03-16 04:25:32,913 - root - DEBUG - 找到 0 个匹配的标签消息
2025-03-16 04:25:32,913 - root - DEBUG - 处理图像文件: D:/workspace/LabelQuick/video\27.jpg
2025-03-16 04:25:32,913 - root - DEBUG - 找到 0 个匹配的标签消息
2025-03-16 04:25:32,914 - root - DEBUG - 处理图像文件: D:/workspace/LabelQuick/video\28.jpg
2025-03-16 04:25:32,914 - root - DEBUG - 找到 0 个匹配的标签消息
2025-03-16 04:25:32,914 - root - DEBUG - 处理图像文件: D:/workspace/LabelQuick/video\29.jpg
2025-03-16 04:25:32,914 - root - DEBUG - 找到 0 个匹配的标签消息
2025-03-16 04:25:32,914 - root - DEBUG - 处理图像文件: D:/workspace/LabelQuick/video\3.jpg
2025-03-16 04:25:32,914 - root - DEBUG - 找到 0 个匹配的标签消息
2025-03-16 04:25:32,914 - root - DEBUG - 处理图像文件: D:/workspace/LabelQuick/video\30.jpg
2025-03-16 04:25:32,914 - root - DEBUG - 找到 0 个匹配的标签消息
2025-03-16 04:25:32,914 - root - DEBUG - 处理图像文件: D:/workspace/LabelQuick/video\31.jpg
2025-03-16 04:25:32,914 - root - DEBUG - 找到 0 个匹配的标签消息
2025-03-16 04:25:32,914 - root - DEBUG - 处理图像文件: D:/workspace/LabelQuick/video\32.jpg
2025-03-16 04:25:32,914 - root - DEBUG - 找到 0 个匹配的标签消息
2025-03-16 04:25:32,914 - root - DEBUG - 处理图像文件: D:/workspace/LabelQuick/video\33.jpg
2025-03-16 04:25:32,914 - root - DEBUG - 找到 0 个匹配的标签消息
2025-03-16 04:25:32,914 - root - DEBUG - 处理图像文件: D:/workspace/LabelQuick/video\34.jpg
2025-03-16 04:25:32,914 - root - DEBUG - 找到 0 个匹配的标签消息
2025-03-16 04:25:32,914 - root - DEBUG - 处理图像文件: D:/workspace/LabelQuick/video\35.jpg
2025-03-16 04:25:32,914 - root - DEBUG - 找到 0 个匹配的标签消息
2025-03-16 04:25:32,914 - root - DEBUG - 处理图像文件: D:/workspace/LabelQuick/video\36.jpg
2025-03-16 04:25:32,914 - root - DEBUG - 找到 0 个匹配的标签消息
2025-03-16 04:25:32,914 - root - DEBUG - 处理图像文件: D:/workspace/LabelQuick/video\37.jpg
2025-03-16 04:25:32,915 - root - DEBUG - 找到 0 个匹配的标签消息
2025-03-16 04:25:32,915 - root - DEBUG - 处理图像文件: D:/workspace/LabelQuick/video\38.jpg
2025-03-16 04:25:32,915 - root - DEBUG - 找到 0 个匹配的标签消息
2025-03-16 04:25:32,915 - root - DEBUG - 处理图像文件: D:/workspace/LabelQuick/video\39.jpg
2025-03-16 04:25:32,915 - root - DEBUG - 找到 0 个匹配的标签消息
2025-03-16 04:25:32,915 - root - DEBUG - 处理图像文件: D:/workspace/LabelQuick/video\4.jpg
2025-03-16 04:25:32,915 - root - DEBUG - 找到 0 个匹配的标签消息
2025-03-16 04:25:32,915 - root - DEBUG - 处理图像文件: D:/workspace/LabelQuick/video\40.jpg
2025-03-16 04:25:32,915 - root - DEBUG - 找到 0 个匹配的标签消息
2025-03-16 04:25:32,915 - root - DEBUG - 处理图像文件: D:/workspace/LabelQuick/video\41.jpg
2025-03-16 04:25:32,915 - root - DEBUG - 找到 0 个匹配的标签消息
2025-03-16 04:25:32,915 - root - DEBUG - 处理图像文件: D:/workspace/LabelQuick/video\42.jpg
2025-03-16 04:25:32,915 - root - DEBUG - 找到 0 个匹配的标签消息
2025-03-16 04:25:32,915 - root - DEBUG - 处理图像文件: D:/workspace/LabelQuick/video\5.jpg
2025-03-16 04:25:32,915 - root - DEBUG - 找到 0 个匹配的标签消息
2025-03-16 04:25:32,915 - root - DEBUG - 处理图像文件: D:/workspace/LabelQuick/video\6.jpg
2025-03-16 04:25:32,915 - root - DEBUG - 找到 0 个匹配的标签消息
2025-03-16 04:25:32,915 - root - DEBUG - 处理图像文件: D:/workspace/LabelQuick/video\7.jpg
2025-03-16 04:25:32,915 - root - DEBUG - 找到 0 个匹配的标签消息
2025-03-16 04:25:32,915 - root - DEBUG - 处理图像文件: D:/workspace/LabelQuick/video\8.jpg
2025-03-16 04:25:32,915 - root - DEBUG - 找到 0 个匹配的标签消息
2025-03-16 04:25:32,915 - root - DEBUG - 处理图像文件: D:/workspace/LabelQuick/video\9.jpg
2025-03-16 04:25:32,916 - root - DEBUG - 找到 0 个匹配的标签消息
2025-03-16 04:25:32,916 - root - INFO - 检测打标过程全部完成
2025-03-16 04:25:32,918 - root - INFO - 视频处理完成
2025-03-16 04:25:32,919 - root - DEBUG - 收到 1 个标签消息
2025-03-16 04:25:32,919 - root - DEBUG - 输出目录中有 43 个图像文件
2025-03-16 04:25:32,919 - root - DEBUG - 处理图像文件: D:/workspace/LabelQuick/video\0.jpg
2025-03-16 04:25:32,919 - root - DEBUG - 找到 1 个匹配的标签消息
2025-03-16 04:25:32,919 - root - DEBUG - 保存 XML 标签到: D:/workspace/LabelQuick/video\0.xml, 大小: [1300, 736, 3]
2025-03-16 04:25:32,920 - root - INFO - 已保存 XML 标签: D:/workspace/LabelQuick/video\0.xml
2025-03-16 04:25:32,920 - root - DEBUG - 处理图像文件: D:/workspace/LabelQuick/video\1.jpg
2025-03-16 04:25:32,920 - root - DEBUG - 找到 0 个匹配的标签消息
2025-03-16 04:25:32,920 - root - DEBUG - 处理图像文件: D:/workspace/LabelQuick/video\10.jpg
2025-03-16 04:25:32,920 - root - DEBUG - 找到 0 个匹配的标签消息
2025-03-16 04:25:32,920 - root - DEBUG - 处理图像文件: D:/workspace/LabelQuick/video\11.jpg
2025-03-16 04:25:32,920 - root - DEBUG - 找到 0 个匹配的标签消息
2025-03-16 04:25:32,920 - root - DEBUG - 处理图像文件: D:/workspace/LabelQuick/video\12.jpg
2025-03-16 04:25:32,920 - root - DEBUG - 找到 0 个匹配的标签消息
2025-03-16 04:25:32,920 - root - DEBUG - 处理图像文件: D:/workspace/LabelQuick/video\13.jpg
2025-03-16 04:25:32,921 - root - DEBUG - 找到 0 个匹配的标签消息
2025-03-16 04:25:32,921 - root - DEBUG - 处理图像文件: D:/workspace/LabelQuick/video\14.jpg
2025-03-16 04:25:32,921 - root - DEBUG - 找到 0 个匹配的标签消息
2025-03-16 04:25:32,921 - root - DEBUG - 处理图像文件: D:/workspace/LabelQuick/video\15.jpg
2025-03-16 04:25:32,921 - root - DEBUG - 找到 0 个匹配的标签消息
2025-03-16 04:25:32,921 - root - DEBUG - 处理图像文件: D:/workspace/LabelQuick/video\16.jpg
2025-03-16 04:25:32,921 - root - DEBUG - 找到 0 个匹配的标签消息
2025-03-16 04:25:32,921 - root - DEBUG - 处理图像文件: D:/workspace/LabelQuick/video\17.jpg
2025-03-16 04:25:32,921 - root - DEBUG - 找到 0 个匹配的标签消息
2025-03-16 04:25:32,921 - root - DEBUG - 处理图像文件: D:/workspace/LabelQuick/video\18.jpg
2025-03-16 04:25:32,921 - root - DEBUG - 找到 0 个匹配的标签消息
2025-03-16 04:25:32,921 - root - DEBUG - 处理图像文件: D:/workspace/LabelQuick/video\19.jpg
2025-03-16 04:25:32,921 - root - DEBUG - 找到 0 个匹配的标签消息
2025-03-16 04:25:32,921 - root - DEBUG - 处理图像文件: D:/workspace/LabelQuick/video\2.jpg
2025-03-16 04:25:32,921 - root - DEBUG - 找到 0 个匹配的标签消息
2025-03-16 04:25:32,921 - root - DEBUG - 处理图像文件: D:/workspace/LabelQuick/video\20.jpg
2025-03-16 04:25:32,921 - root - DEBUG - 找到 0 个匹配的标签消息
2025-03-16 04:25:32,921 - root - DEBUG - 处理图像文件: D:/workspace/LabelQuick/video\21.jpg
2025-03-16 04:25:32,921 - root - DEBUG - 找到 0 个匹配的标签消息
2025-03-16 04:25:32,921 - root - DEBUG - 处理图像文件: D:/workspace/LabelQuick/video\22.jpg
2025-03-16 04:25:32,921 - root - DEBUG - 找到 0 个匹配的标签消息
2025-03-16 04:25:32,921 - root - DEBUG - 处理图像文件: D:/workspace/LabelQuick/video\23.jpg
2025-03-16 04:25:32,921 - root - DEBUG - 找到 0 个匹配的标签消息
2025-03-16 04:25:32,922 - root - DEBUG - 处理图像文件: D:/workspace/LabelQuick/video\24.jpg
2025-03-16 04:25:32,922 - root - DEBUG - 找到 0 个匹配的标签消息
2025-03-16 04:25:32,922 - root - DEBUG - 处理图像文件: D:/workspace/LabelQuick/video\25.jpg
2025-03-16 04:25:32,922 - root - DEBUG - 找到 0 个匹配的标签消息
2025-03-16 04:25:32,922 - root - DEBUG - 处理图像文件: D:/workspace/LabelQuick/video\26.jpg
2025-03-16 04:25:32,922 - root - DEBUG - 找到 0 个匹配的标签消息
2025-03-16 04:25:32,922 - root - DEBUG - 处理图像文件: D:/workspace/LabelQuick/video\27.jpg
2025-03-16 04:25:32,922 - root - DEBUG - 找到 0 个匹配的标签消息
2025-03-16 04:25:32,922 - root - DEBUG - 处理图像文件: D:/workspace/LabelQuick/video\28.jpg
2025-03-16 04:25:32,922 - root - DEBUG - 找到 0 个匹配的标签消息
2025-03-16 04:25:32,922 - root - DEBUG - 处理图像文件: D:/workspace/LabelQuick/video\29.jpg
2025-03-16 04:25:32,922 - root - DEBUG - 找到 0 个匹配的标签消息
2025-03-16 04:25:32,922 - root - DEBUG - 处理图像文件: D:/workspace/LabelQuick/video\3.jpg
2025-03-16 04:25:32,922 - root - DEBUG - 找到 0 个匹配的标签消息
2025-03-16 04:25:32,922 - root - DEBUG - 处理图像文件: D:/workspace/LabelQuick/video\30.jpg
2025-03-16 04:25:32,923 - root - DEBUG - 找到 0 个匹配的标签消息
2025-03-16 04:25:32,923 - root - DEBUG - 处理图像文件: D:/workspace/LabelQuick/video\31.jpg
2025-03-16 04:25:32,923 - root - DEBUG - 找到 0 个匹配的标签消息
2025-03-16 04:25:32,923 - root - DEBUG - 处理图像文件: D:/workspace/LabelQuick/video\32.jpg
2025-03-16 04:25:32,923 - root - DEBUG - 找到 0 个匹配的标签消息
2025-03-16 04:25:32,923 - root - DEBUG - 处理图像文件: D:/workspace/LabelQuick/video\33.jpg
2025-03-16 04:25:32,923 - root - DEBUG - 找到 0 个匹配的标签消息
2025-03-16 04:25:32,923 - root - DEBUG - 处理图像文件: D:/workspace/LabelQuick/video\34.jpg
2025-03-16 04:25:32,923 - root - DEBUG - 找到 0 个匹配的标签消息
2025-03-16 04:25:32,923 - root - DEBUG - 处理图像文件: D:/workspace/LabelQuick/video\35.jpg
2025-03-16 04:25:32,923 - root - DEBUG - 找到 0 个匹配的标签消息
2025-03-16 04:25:32,923 - root - DEBUG - 处理图像文件: D:/workspace/LabelQuick/video\36.jpg
2025-03-16 04:25:32,923 - root - DEBUG - 找到 0 个匹配的标签消息
2025-03-16 04:25:32,924 - root - DEBUG - 处理图像文件: D:/workspace/LabelQuick/video\37.jpg
2025-03-16 04:25:32,924 - root - DEBUG - 找到 0 个匹配的标签消息
2025-03-16 04:25:32,924 - root - DEBUG - 处理图像文件: D:/workspace/LabelQuick/video\38.jpg
2025-03-16 04:25:32,924 - root - DEBUG - 找到 0 个匹配的标签消息
2025-03-16 04:25:32,924 - root - DEBUG - 处理图像文件: D:/workspace/LabelQuick/video\39.jpg
2025-03-16 04:25:32,924 - root - DEBUG - 找到 0 个匹配的标签消息
2025-03-16 04:25:32,924 - root - DEBUG - 处理图像文件: D:/workspace/LabelQuick/video\4.jpg
2025-03-16 04:25:32,924 - root - DEBUG - 找到 0 个匹配的标签消息
2025-03-16 04:25:32,924 - root - DEBUG - 处理图像文件: D:/workspace/LabelQuick/video\40.jpg
2025-03-16 04:25:32,924 - root - DEBUG - 找到 0 个匹配的标签消息
2025-03-16 04:25:32,924 - root - DEBUG - 处理图像文件: D:/workspace/LabelQuick/video\41.jpg
2025-03-16 04:25:32,924 - root - DEBUG - 找到 0 个匹配的标签消息
2025-03-16 04:25:32,924 - root - DEBUG - 处理图像文件: D:/workspace/LabelQuick/video\42.jpg
2025-03-16 04:25:32,924 - root - DEBUG - 找到 0 个匹配的标签消息
2025-03-16 04:25:32,924 - root - DEBUG - 处理图像文件: D:/workspace/LabelQuick/video\5.jpg
2025-03-16 04:25:32,924 - root - DEBUG - 找到 0 个匹配的标签消息
2025-03-16 04:25:32,924 - root - DEBUG - 处理图像文件: D:/workspace/LabelQuick/video\6.jpg
2025-03-16 04:25:32,924 - root - DEBUG - 找到 0 个匹配的标签消息
2025-03-16 04:25:32,924 - root - DEBUG - 处理图像文件: D:/workspace/LabelQuick/video\7.jpg
2025-03-16 04:25:32,924 - root - DEBUG - 找到 0 个匹配的标签消息
2025-03-16 04:25:32,925 - root - DEBUG - 处理图像文件: D:/workspace/LabelQuick/video\8.jpg
2025-03-16 04:25:32,925 - root - DEBUG - 找到 0 个匹配的标签消息
2025-03-16 04:25:32,925 - root - DEBUG - 处理图像文件: D:/workspace/LabelQuick/video\9.jpg
2025-03-16 04:25:32,925 - root - DEBUG - 找到 0 个匹配的标签消息
2025-03-16 04:25:32,925 - root - INFO - 检测打标过程全部完成
2025-03-16 04:26:31,120 - root - INFO - 标签格式已更改: xml -> yolo
2025-03-16 04:26:31,120 - root - DEBUG - 检查 YOLO 格式的类别映射
2025-03-16 04:26:31,120 - root - DEBUG - 当前类别映射: {'篮球': 0}
2025-03-16 04:26:31,121 - root - INFO - 类别映射已保存到: D:/workspace/LabelQuick/video\classes.txt
2025-03-16 04:26:31,121 - root - DEBUG - 尝试重新加载当前图像的标签: 0
2025-03-16 04:26:31,121 - root - INFO - 检查图像 0 的已存在标签
2025-03-16 04:26:31,121 - root - DEBUG - XML 文件存在: False, YOLO 文件存在: False, 当前格式: yolo
2025-03-16 04:26:31,121 - root - DEBUG - 未找到标签文件或格式不匹配: XML=False, YOLO=False, 格式=yolo
2025-03-16 04:26:31,121 - root - DEBUG - 开始显示已存在的标签和边界框
2025-03-16 04:26:31,131 - root - ERROR - 无法读取图像: D:/workspace/LabelQuick/video\0.jpg
2025-03-16 04:26:50,776 - root - INFO - 选择视频: D:/workspace/LabelQuick/video/ceshi.mp4, 输出目录: D:/workspace/LabelQuick/video
2025-03-16 04:26:50,777 - root - INFO - 创建YOLO训练目录结构: D:/workspace/LabelQuick/video\images, D:/workspace/LabelQuick/video\labels
2025-03-16 04:26:50,778 - root - DEBUG - 输出目录中没有图像，提取视频第一帧
2025-03-16 04:26:50,807 - root - DEBUG - 读取视频第一帧成功
2025-03-16 04:26:50,823 - root - INFO - 保存第一帧到: D:/workspace/LabelQuick/video\0.jpg
2025-03-16 04:26:50,836 - root - INFO - 初始化 AVT 对象
2025-03-16 04:26:53,406 - root - INFO - Loaded checkpoint sucessfully
2025-03-16 04:26:53,425 - root - DEBUG - AVT 对象初始化完成
2025-03-16 04:26:53,425 - root - DEBUG - 设置 AVT 的视频目录: D:/workspace/LabelQuick/video
2025-03-16 04:26:53,425 - sampro.LabelVideo_TW - DEBUG - 找到 1 个帧文件
2025-03-16 04:26:53,425 - sampro.LabelVideo_TW - DEBUG - 使用数字提取排序成功
2025-03-16 04:26:53,426 - sampro.LabelVideo_TW - DEBUG - 排序后的前5个文件: ['0.jpg']
2025-03-16 04:26:53,449 - root - DEBUG - AVT 视频目录设置成功
2025-03-16 04:26:53,450 - root - DEBUG - 找到 1 个视频帧
2025-03-16 04:26:53,450 - root - DEBUG - 初始化 AVT 的推理状态: D:/workspace/LabelQuick/video
2025-03-16 04:27:00,490 - root - DEBUG - AVT 推理状态初始化成功
2025-03-16 04:27:00,492 - root - DEBUG - 设置图像路径: D:/workspace/LabelQuick/video\0.jpg
2025-03-16 04:27:00,492 - root - DEBUG - 图像名称: 0
2025-03-16 04:27:00,517 - root - DEBUG - 调整图像大小: D:/workspace/LabelQuick/video\0.jpg, 1300x736
2025-03-16 04:27:00,538 - root - INFO - For numpy array image, we assume (HxWxC) format
2025-03-16 04:27:00,570 - root - INFO - Computing image embeddings for the provided image...
2025-03-16 04:27:07,849 - root - INFO - Image embeddings computed.
2025-03-16 04:27:07,853 - root - DEBUG - 设置 AT 的图像
2025-03-16 04:27:07,865 - root - DEBUG - 显示图像完成
2025-03-16 04:27:07,865 - root - DEBUG - 启用开始检测打标按钮
2025-03-16 04:27:07,865 - root - DEBUG - 设置鼠标点击事件
2025-03-16 04:27:12,130 - root - INFO - 鼠标点击事件: 坐标=(563, 175)
2025-03-16 04:27:12,130 - root - DEBUG - 设置点击坐标: (563, 175), 方法: 1
2025-03-16 04:27:12,130 - root - DEBUG - 设置 AVT 的点击坐标: (563, 175), 方法: 1
2025-03-16 04:27:12,131 - root - DEBUG - 调用 AVT.Create_Mask
2025-03-16 04:27:12,131 - sampro.LabelVideo_TW - INFO - 创建掩码
2025-03-16 04:27:12,131 - sampro.LabelVideo_TW - DEBUG - 添加新点: 坐标=(563, 175), 方法=1
2025-03-16 04:27:12,132 - sampro.LabelVideo_TW - DEBUG - 点集: [[563 175]], 标签: [1]
2025-03-16 04:27:12,274 - sampro.LabelVideo_TW - DEBUG - 生成的掩码形状: torch.Size([1, 1, 544, 960])
2025-03-16 04:27:12,274 - sampro.LabelVideo_TW - DEBUG - 掩码形状: (1, 544, 960)
2025-03-16 04:27:12,274 - sampro.LabelVideo_TW - DEBUG - 帧尺寸: 960x544
2025-03-16 04:27:12,276 - sampro.LabelVideo_TW - WARNING - 掩码尺寸 (544x1) 与帧尺寸 (960x544) 不匹配，进行调整
2025-03-16 04:27:12,277 - sampro.LabelVideo_TW - INFO - 绘制掩码，对象 ID: None
2025-03-16 04:27:12,277 - sampro.LabelVideo_TW - DEBUG - 帧尺寸: 960x544
2025-03-16 04:27:12,277 - sampro.LabelVideo_TW - DEBUG - 原始掩码尺寸: 960x544
2025-03-16 04:27:12,281 - sampro.LabelVideo_TW - DEBUG - 创建彩色掩码完成
2025-03-16 04:27:12,282 - sampro.LabelVideo_TW - DEBUG - 叠加掩码到原始帧完成
2025-03-16 04:27:12,282 - sampro.LabelVideo_TW - DEBUG - 找到 1 个轮廓
2025-03-16 04:27:12,283 - sampro.LabelVideo_TW - DEBUG - 轮廓 1 面积: 11561.0
2025-03-16 04:27:12,283 - sampro.LabelVideo_TW - DEBUG - 更新最大轮廓: 索引=1, 面积=11561.0
2025-03-16 04:27:12,283 - sampro.LabelVideo_TW - DEBUG - 最大轮廓边界框: x=437, y=88, w=147, h=98
2025-03-16 04:27:12,284 - sampro.LabelVideo_TW - DEBUG - 绘制边界框和轮廓完成
2025-03-16 04:27:12,284 - sampro.LabelVideo_TW - INFO - 掩码创建成功
2025-03-16 04:27:12,285 - root - DEBUG - AVT.Create_Mask 调用成功
2025-03-16 04:27:12,285 - root - DEBUG - 设置 AT 的点击坐标: (563, 175), 方法: 1
2025-03-16 04:27:12,285 - root - DEBUG - 调用 AT.Create_Mask
2025-03-16 04:27:12,356 - root - DEBUG - 调用 AT.Draw_Mask
2025-03-16 04:27:12,365 - root - DEBUG - 设置点击事件状态: clicked_event=True, paint_event=False
2025-03-16 04:27:15,586 - root - INFO - 视频对话框确认，标签文本: 篮球
2025-03-16 04:27:15,587 - root - DEBUG - 添加标签到列表: 篮球
2025-03-16 04:27:15,588 - root - DEBUG - 确保YOLO目录结构存在: D:/workspace/LabelQuick/video\images\train, D:/workspace/LabelQuick/video\labels\train
2025-03-16 04:27:15,588 - root - DEBUG - 使用 YOLO 格式保存标签: 篮球
2025-03-16 04:27:15,588 - root - DEBUG - 边界框坐标: x=560, y=172, w=20, h=27
2025-03-16 04:27:15,588 - util.yolofile - DEBUG - 创建 YOLO 标签信息: 图像=0, 尺寸=1300x736, 文本=篮球
2025-03-16 04:27:15,588 - util.yolofile - DEBUG - 边界框: x=560, y=172, w=20, h=27
2025-03-16 04:27:15,589 - util.yolofile - DEBUG - YOLO 标签文件路径: D:/workspace/LabelQuick/video\0.txt
2025-03-16 04:27:15,589 - util.yolofile - DEBUG - YOLO 标签信息已创建: 路径=D:/workspace/LabelQuick/video\0.txt, 大小=[1300, 736, 3], 边界框=[560, 172, 580, 199]
2025-03-16 04:27:15,589 - root - INFO - 类别映射已保存到: D:/workspace/LabelQuick/video\labels\classes.txt
2025-03-16 04:27:15,589 - root - DEBUG - 保存 YOLO 标签到: D:/workspace/LabelQuick/video\labels\train\0.txt, 大小: [1300, 736, 3], 类别映射: {'篮球': 0}
2025-03-16 04:27:15,590 - util.yolofile - DEBUG - 转换坐标到 YOLO 格式: 图像尺寸=(1300, 736), 边界框=(560, 172, 580, 199)
2025-03-16 04:27:15,590 - util.yolofile - DEBUG - YOLO 格式坐标: 中心点=(0.438462, 0.252038), 尺寸=(0.015385, 0.036685)
2025-03-16 04:27:15,590 - root - DEBUG - 写入行: 0 0.438462 0.252038 0.015385 0.036685
2025-03-16 04:27:15,590 - root - INFO - YOLO 标签已保存到: D:/workspace/LabelQuick/video\labels\train\0.txt
2025-03-16 04:27:15,590 - root - DEBUG - 启用开始检测打标按钮
2025-03-16 04:27:15,590 - root - DEBUG - 重置点击和绘制事件状态
2025-03-16 04:27:15,590 - root - DEBUG - 开始显示已存在的标签和边界框
2025-03-16 04:27:15,603 - root - DEBUG - 显示 1 个点击标签和 0 个绘制标签
2025-03-16 04:27:15,603 - root - DEBUG - 绘制点击标签 1: (560, 172) - (580, 199)
2025-03-16 04:27:15,605 - root - DEBUG - 标签显示完成
2025-03-16 04:27:15,605 - root - DEBUG - 显示已存在的标签
2025-03-16 04:27:19,721 - root - INFO - 开始视频检测打标
2025-03-16 04:27:19,722 - root - DEBUG - 禁用开始检测打标按钮
2025-03-16 04:27:19,723 - root - DEBUG - 视频路径: D:/workspace/LabelQuick/video/ceshi.mp4, 输出目录: D:/workspace/LabelQuick/video
2025-03-16 04:27:19,723 - root - DEBUG - 设置 AVT 的点击坐标: (563, 175), 方法: 1
2025-03-16 04:27:19,723 - root - DEBUG - AVT 点击坐标设置成功
2025-03-16 04:27:19,723 - root - DEBUG - 添加点击点到模型
2025-03-16 04:27:19,723 - sampro.LabelVideo_TW - DEBUG - 添加新点: 坐标=(563, 175), 方法=1
2025-03-16 04:27:19,724 - sampro.LabelVideo_TW - DEBUG - 点集: [[563 175]
 [563 175]], 标签: [1 1]
2025-03-16 04:27:19,830 - sampro.LabelVideo_TW - DEBUG - 生成的掩码形状: torch.Size([1, 1, 544, 960])
2025-03-16 04:27:19,830 - root - DEBUG - 点击点添加成功
2025-03-16 04:27:19,830 - root - DEBUG - 创建视频处理线程，点击坐标: (563, 175), 方法: 1, 文本: 篮球
2025-03-16 04:27:19,830 - root - DEBUG - 保存路径: D:/workspace/LabelQuick/video, 格式: yolo, 类别映射: {'篮球': 0}
2025-03-16 04:27:19,830 - root - INFO - 初始化视频处理线程
2025-03-16 04:27:19,831 - root - DEBUG - 视频处理线程初始化完成: 视频路径=D:/workspace/LabelQuick/video/ceshi.mp4, 输出目录=D:/workspace/LabelQuick/video, 格式=yolo
2025-03-16 04:27:19,834 - root - DEBUG - 连接视频处理线程信号
2025-03-16 04:27:19,834 - root - INFO - 启动视频处理线程
2025-03-16 04:27:19,834 - root - DEBUG - 禁用其他按钮，防止重复处理
2025-03-16 04:27:19,835 - root - INFO - 开始视频处理: 点击坐标=(563, 175), 方法=1
2025-03-16 04:27:19,836 - root - DEBUG - 创建输出目录: D:/workspace/LabelQuick/video 和 mask 子目录: D:/workspace/LabelQuick/video\mask
2025-03-16 04:27:19,836 - root - DEBUG - 确保YOLO目录结构存在: D:/workspace/LabelQuick/video\images\train, D:/workspace/LabelQuick/video\labels\train
2025-03-16 04:27:19,836 - root - INFO - 开始从视频提取帧: D:/workspace/LabelQuick/video/ceshi.mp4
2025-03-16 04:27:21,187 - root - INFO - 视频帧提取完成，共 43 帧
2025-03-16 04:27:21,208 - root - DEBUG - 发送第一帧到UI
2025-03-16 04:27:21,209 - root - DEBUG - 设置 AVT 的视频目录: D:/workspace/LabelQuick/video
2025-03-16 04:27:21,209 - root - DEBUG - 接收到新的视频帧
2025-03-16 04:27:21,209 - root - DEBUG - 帧尺寸: 1300x736
2025-03-16 04:27:21,209 - sampro.LabelVideo_TW - DEBUG - 找到 43 个帧文件
2025-03-16 04:27:21,209 - sampro.LabelVideo_TW - DEBUG - 使用数字提取排序成功
2025-03-16 04:27:21,210 - sampro.LabelVideo_TW - DEBUG - 排序后的前5个文件: ['0.jpg', '1.jpg', '2.jpg', '3.jpg', '4.jpg']
2025-03-16 04:27:21,210 - root - DEBUG - 转换 RGB 帧为 QImage
2025-03-16 04:27:21,212 - root - DEBUG - 更新 UI 显示帧
2025-03-16 04:27:21,212 - root - DEBUG - 更新处理进度信息
2025-03-16 04:27:21,233 - root - INFO - 开始处理视频帧，总帧数: 43
2025-03-16 04:27:21,233 - root - DEBUG - 设置 AVT 的点击坐标: (563, 175), 方法: 1
2025-03-16 04:27:21,233 - root - INFO - 开始自动视频打标
2025-03-16 04:27:21,234 - sampro.LabelVideo_TW - INFO - 开始自动视频打标，格式: yolo, 文本: 篮球
2025-03-16 04:27:21,234 - sampro.LabelVideo_TW - INFO - 开始收集视频分割结果
2025-03-16 04:27:21,466 - sampro.LabelVideo_TW - DEBUG - 帧 0 的分割结果: 对象 IDs [1]
2025-03-16 04:27:21,467 - sampro.LabelVideo_TW - INFO - 收集到 1 个帧的分割结果
2025-03-16 04:27:21,467 - sampro.LabelVideo_TW - INFO - 开始处理所有帧并生成标签
2025-03-16 04:27:21,467 - sampro.LabelVideo_TW - INFO - 开始绘制轮廓，格式: yolo, 文本: 篮球
2025-03-16 04:27:21,467 - sampro.LabelVideo_TW - DEBUG - 起始帧: 0, 返回帧: False, 保存图像路径: D:/workspace/LabelQuick/video\mask, 保存标签路径: D:/workspace/LabelQuick/video
2025-03-16 04:27:21,467 - sampro.LabelVideo_TW - DEBUG - 开始在视频中传播分割结果
2025-03-16 04:27:21,469 - sampro.LabelVideo_TW - DEBUG - 帧 0 的掩码形状: torch.Size([1, 1, 544, 960])
2025-03-16 04:27:21,469 - sampro.LabelVideo_TW - DEBUG - 帧 0, 对象 1 的掩码形状: (1, 544, 960)
2025-03-16 04:27:21,469 - sampro.LabelVideo_TW - DEBUG - 帧 0 的分割结果: 对象 IDs [1]
2025-03-16 04:27:21,470 - sampro.LabelVideo_TW - DEBUG - 找到 43 个帧
2025-03-16 04:27:21,470 - sampro.LabelVideo_TW - INFO - 开始处理 43 个帧
2025-03-16 04:27:21,470 - sampro.LabelVideo_TW - DEBUG - 处理帧 0: D:/workspace/LabelQuick/video\0.jpg
2025-03-16 04:27:21,484 - sampro.LabelVideo_TW - DEBUG - 帧 0 尺寸: 1300x736
2025-03-16 04:27:21,485 - sampro.LabelVideo_TW - DEBUG - 帧 0 有 1 个分割对象
2025-03-16 04:27:21,485 - sampro.LabelVideo_TW - DEBUG - 处理帧 0 的对象 1
2025-03-16 04:27:21,485 - sampro.LabelVideo_TW - DEBUG - 原始掩码尺寸: (1, 544, 960)
2025-03-16 04:27:21,485 - sampro.LabelVideo_TW - DEBUG - 转换掩码类型从 bool 到 uint8
2025-03-16 04:27:21,486 - sampro.LabelVideo_TW - WARNING - 掩码尺寸 (544x1) 与帧尺寸 (1300x736) 不匹配，进行调整
2025-03-16 04:27:21,487 - sampro.LabelVideo_TW - DEBUG - 调整后的掩码尺寸: (736, 1300)
2025-03-16 04:27:21,488 - sampro.LabelVideo_TW - INFO - 绘制掩码，对象 ID: 1
2025-03-16 04:27:21,488 - sampro.LabelVideo_TW - DEBUG - 帧尺寸: 1300x736
2025-03-16 04:27:21,488 - sampro.LabelVideo_TW - DEBUG - 原始掩码尺寸: 1300x736
2025-03-16 04:27:21,493 - sampro.LabelVideo_TW - DEBUG - 创建彩色掩码完成
2025-03-16 04:27:21,495 - sampro.LabelVideo_TW - DEBUG - 叠加掩码到原始帧完成
2025-03-16 04:27:21,496 - sampro.LabelVideo_TW - DEBUG - 找到 1 个轮廓
2025-03-16 04:27:21,497 - sampro.LabelVideo_TW - DEBUG - 轮廓 1 面积: 20951.5
2025-03-16 04:27:21,497 - sampro.LabelVideo_TW - DEBUG - 更新最大轮廓: 索引=1, 面积=20951.5
2025-03-16 04:27:21,497 - sampro.LabelVideo_TW - DEBUG - 最大轮廓边界框: x=592, y=121, w=199, h=131
2025-03-16 04:27:21,498 - sampro.LabelVideo_TW - DEBUG - 绘制边界框和轮廓完成
2025-03-16 04:27:21,499 - sampro.LabelVideo_TW - DEBUG - 绘制掩码成功，边界框: x=592, y=121, w=199, h=131
2025-03-16 04:27:21,499 - sampro.LabelVideo_TW - DEBUG - 保存处理后的帧图像
2025-03-16 04:27:21,507 - sampro.LabelVideo_TW - DEBUG - 保存调整后的图像到: D:/workspace/LabelQuick/video\mask/0.jpg, 大小: 1300x736.0
2025-03-16 04:27:21,508 - sampro.LabelVideo_TW - DEBUG - 创建 YOLO 格式标签，文本: 篮球
2025-03-16 04:27:21,508 - util.yolofile - DEBUG - 创建 YOLO 标签信息: 图像=0, 尺寸=1300x736, 文本=篮球
2025-03-16 04:27:21,508 - util.yolofile - DEBUG - 边界框: x=592, y=121, w=199, h=131
2025-03-16 04:27:21,508 - util.yolofile - DEBUG - YOLO 标签文件路径: D:/workspace/LabelQuick/video\0.txt
2025-03-16 04:27:21,508 - util.yolofile - DEBUG - YOLO 标签信息已创建: 路径=D:/workspace/LabelQuick/video\0.txt, 大小=[1300, 736, 3], 边界框=[592, 121, 791, 252]
2025-03-16 04:27:21,508 - sampro.LabelVideo_TW - DEBUG - YOLO 标签信息: 路径=D:/workspace/LabelQuick/video\0.txt, 大小=[1300, 736, 3]
2025-03-16 04:27:21,509 - sampro.LabelVideo_TW - DEBUG - 添加标签消息到列表，当前共 1 个消息
2025-03-16 04:27:21,509 - sampro.LabelVideo_TW - DEBUG - 处理帧 1: D:/workspace/LabelQuick/video\1.jpg
2025-03-16 04:27:21,535 - sampro.LabelVideo_TW - DEBUG - 帧 1 尺寸: 1300x736
2025-03-16 04:27:21,535 - sampro.LabelVideo_TW - WARNING - Warning: Invalid frame at index 1
2025-03-16 04:27:21,535 - sampro.LabelVideo_TW - DEBUG - 处理帧 2: D:/workspace/LabelQuick/video\2.jpg
2025-03-16 04:27:21,560 - sampro.LabelVideo_TW - DEBUG - 帧 2 尺寸: 1300x736
2025-03-16 04:27:21,560 - sampro.LabelVideo_TW - WARNING - Warning: Invalid frame at index 2
2025-03-16 04:27:21,560 - sampro.LabelVideo_TW - DEBUG - 处理帧 3: D:/workspace/LabelQuick/video\3.jpg
2025-03-16 04:27:21,585 - sampro.LabelVideo_TW - DEBUG - 帧 3 尺寸: 1300x736
2025-03-16 04:27:21,585 - sampro.LabelVideo_TW - WARNING - Warning: Invalid frame at index 3
2025-03-16 04:27:21,585 - sampro.LabelVideo_TW - DEBUG - 处理帧 4: D:/workspace/LabelQuick/video\4.jpg
2025-03-16 04:27:21,609 - sampro.LabelVideo_TW - DEBUG - 帧 4 尺寸: 1300x736
2025-03-16 04:27:21,609 - sampro.LabelVideo_TW - WARNING - Warning: Invalid frame at index 4
2025-03-16 04:27:21,610 - sampro.LabelVideo_TW - DEBUG - 处理帧 5: D:/workspace/LabelQuick/video\5.jpg
2025-03-16 04:27:21,624 - sampro.LabelVideo_TW - DEBUG - 帧 5 尺寸: 1300x736
2025-03-16 04:27:21,624 - sampro.LabelVideo_TW - WARNING - Warning: Invalid frame at index 5
2025-03-16 04:27:21,624 - sampro.LabelVideo_TW - DEBUG - 处理帧 6: D:/workspace/LabelQuick/video\6.jpg
2025-03-16 04:27:21,645 - sampro.LabelVideo_TW - DEBUG - 帧 6 尺寸: 1300x736
2025-03-16 04:27:21,645 - sampro.LabelVideo_TW - WARNING - Warning: Invalid frame at index 6
2025-03-16 04:27:21,646 - sampro.LabelVideo_TW - DEBUG - 处理帧 7: D:/workspace/LabelQuick/video\7.jpg
2025-03-16 04:27:21,667 - sampro.LabelVideo_TW - DEBUG - 帧 7 尺寸: 1300x736
2025-03-16 04:27:21,668 - sampro.LabelVideo_TW - WARNING - Warning: Invalid frame at index 7
2025-03-16 04:27:21,668 - sampro.LabelVideo_TW - DEBUG - 处理帧 8: D:/workspace/LabelQuick/video\8.jpg
2025-03-16 04:27:21,687 - sampro.LabelVideo_TW - DEBUG - 帧 8 尺寸: 1300x736
2025-03-16 04:27:21,687 - sampro.LabelVideo_TW - WARNING - Warning: Invalid frame at index 8
2025-03-16 04:27:21,688 - sampro.LabelVideo_TW - DEBUG - 处理帧 9: D:/workspace/LabelQuick/video\9.jpg
2025-03-16 04:27:21,706 - sampro.LabelVideo_TW - DEBUG - 帧 9 尺寸: 1300x736
2025-03-16 04:27:21,706 - sampro.LabelVideo_TW - WARNING - Warning: Invalid frame at index 9
2025-03-16 04:27:21,707 - sampro.LabelVideo_TW - DEBUG - 处理帧 10: D:/workspace/LabelQuick/video\10.jpg
2025-03-16 04:27:21,726 - sampro.LabelVideo_TW - DEBUG - 帧 10 尺寸: 1300x736
2025-03-16 04:27:21,726 - sampro.LabelVideo_TW - WARNING - Warning: Invalid frame at index 10
2025-03-16 04:27:21,727 - sampro.LabelVideo_TW - DEBUG - 处理帧 11: D:/workspace/LabelQuick/video\11.jpg
2025-03-16 04:27:21,746 - sampro.LabelVideo_TW - DEBUG - 帧 11 尺寸: 1300x736
2025-03-16 04:27:21,746 - sampro.LabelVideo_TW - WARNING - Warning: Invalid frame at index 11
2025-03-16 04:27:21,746 - sampro.LabelVideo_TW - DEBUG - 处理帧 12: D:/workspace/LabelQuick/video\12.jpg
2025-03-16 04:27:21,764 - sampro.LabelVideo_TW - DEBUG - 帧 12 尺寸: 1300x736
2025-03-16 04:27:21,764 - sampro.LabelVideo_TW - WARNING - Warning: Invalid frame at index 12
2025-03-16 04:27:21,765 - sampro.LabelVideo_TW - DEBUG - 处理帧 13: D:/workspace/LabelQuick/video\13.jpg
2025-03-16 04:27:21,783 - sampro.LabelVideo_TW - DEBUG - 帧 13 尺寸: 1300x736
2025-03-16 04:27:21,784 - sampro.LabelVideo_TW - WARNING - Warning: Invalid frame at index 13
2025-03-16 04:27:21,784 - sampro.LabelVideo_TW - DEBUG - 处理帧 14: D:/workspace/LabelQuick/video\14.jpg
2025-03-16 04:27:21,803 - sampro.LabelVideo_TW - DEBUG - 帧 14 尺寸: 1300x736
2025-03-16 04:27:21,803 - sampro.LabelVideo_TW - WARNING - Warning: Invalid frame at index 14
2025-03-16 04:27:21,803 - sampro.LabelVideo_TW - DEBUG - 处理帧 15: D:/workspace/LabelQuick/video\15.jpg
2025-03-16 04:27:21,821 - sampro.LabelVideo_TW - DEBUG - 帧 15 尺寸: 1300x736
2025-03-16 04:27:21,821 - sampro.LabelVideo_TW - WARNING - Warning: Invalid frame at index 15
2025-03-16 04:27:21,822 - sampro.LabelVideo_TW - DEBUG - 处理帧 16: D:/workspace/LabelQuick/video\16.jpg
2025-03-16 04:27:21,840 - sampro.LabelVideo_TW - DEBUG - 帧 16 尺寸: 1300x736
2025-03-16 04:27:21,840 - sampro.LabelVideo_TW - WARNING - Warning: Invalid frame at index 16
2025-03-16 04:27:21,841 - sampro.LabelVideo_TW - DEBUG - 处理帧 17: D:/workspace/LabelQuick/video\17.jpg
2025-03-16 04:27:21,859 - sampro.LabelVideo_TW - DEBUG - 帧 17 尺寸: 1300x736
2025-03-16 04:27:21,859 - sampro.LabelVideo_TW - WARNING - Warning: Invalid frame at index 17
2025-03-16 04:27:21,860 - sampro.LabelVideo_TW - DEBUG - 处理帧 18: D:/workspace/LabelQuick/video\18.jpg
2025-03-16 04:27:21,878 - sampro.LabelVideo_TW - DEBUG - 帧 18 尺寸: 1300x736
2025-03-16 04:27:21,878 - sampro.LabelVideo_TW - WARNING - Warning: Invalid frame at index 18
2025-03-16 04:27:21,879 - sampro.LabelVideo_TW - DEBUG - 处理帧 19: D:/workspace/LabelQuick/video\19.jpg
2025-03-16 04:27:21,897 - sampro.LabelVideo_TW - DEBUG - 帧 19 尺寸: 1300x736
2025-03-16 04:27:21,897 - sampro.LabelVideo_TW - WARNING - Warning: Invalid frame at index 19
2025-03-16 04:27:21,898 - sampro.LabelVideo_TW - DEBUG - 处理帧 20: D:/workspace/LabelQuick/video\20.jpg
2025-03-16 04:27:21,916 - sampro.LabelVideo_TW - DEBUG - 帧 20 尺寸: 1300x736
2025-03-16 04:27:21,916 - sampro.LabelVideo_TW - WARNING - Warning: Invalid frame at index 20
2025-03-16 04:27:21,916 - sampro.LabelVideo_TW - DEBUG - 处理帧 21: D:/workspace/LabelQuick/video\21.jpg
2025-03-16 04:27:21,935 - sampro.LabelVideo_TW - DEBUG - 帧 21 尺寸: 1300x736
2025-03-16 04:27:21,936 - sampro.LabelVideo_TW - WARNING - Warning: Invalid frame at index 21
2025-03-16 04:27:21,936 - sampro.LabelVideo_TW - DEBUG - 处理帧 22: D:/workspace/LabelQuick/video\22.jpg
2025-03-16 04:27:21,954 - sampro.LabelVideo_TW - DEBUG - 帧 22 尺寸: 1300x736
2025-03-16 04:27:21,955 - sampro.LabelVideo_TW - WARNING - Warning: Invalid frame at index 22
2025-03-16 04:27:21,955 - sampro.LabelVideo_TW - DEBUG - 处理帧 23: D:/workspace/LabelQuick/video\23.jpg
2025-03-16 04:27:21,975 - sampro.LabelVideo_TW - DEBUG - 帧 23 尺寸: 1300x736
2025-03-16 04:27:21,975 - sampro.LabelVideo_TW - WARNING - Warning: Invalid frame at index 23
2025-03-16 04:27:21,976 - sampro.LabelVideo_TW - DEBUG - 处理帧 24: D:/workspace/LabelQuick/video\24.jpg
2025-03-16 04:27:21,997 - sampro.LabelVideo_TW - DEBUG - 帧 24 尺寸: 1300x736
2025-03-16 04:27:21,997 - sampro.LabelVideo_TW - WARNING - Warning: Invalid frame at index 24
2025-03-16 04:27:21,998 - sampro.LabelVideo_TW - DEBUG - 处理帧 25: D:/workspace/LabelQuick/video\25.jpg
2025-03-16 04:27:22,017 - sampro.LabelVideo_TW - DEBUG - 帧 25 尺寸: 1300x736
2025-03-16 04:27:22,017 - sampro.LabelVideo_TW - WARNING - Warning: Invalid frame at index 25
2025-03-16 04:27:22,018 - sampro.LabelVideo_TW - DEBUG - 处理帧 26: D:/workspace/LabelQuick/video\26.jpg
2025-03-16 04:27:22,036 - sampro.LabelVideo_TW - DEBUG - 帧 26 尺寸: 1300x736
2025-03-16 04:27:22,036 - sampro.LabelVideo_TW - WARNING - Warning: Invalid frame at index 26
2025-03-16 04:27:22,037 - sampro.LabelVideo_TW - DEBUG - 处理帧 27: D:/workspace/LabelQuick/video\27.jpg
2025-03-16 04:27:22,055 - sampro.LabelVideo_TW - DEBUG - 帧 27 尺寸: 1300x736
2025-03-16 04:27:22,056 - sampro.LabelVideo_TW - WARNING - Warning: Invalid frame at index 27
2025-03-16 04:27:22,056 - sampro.LabelVideo_TW - DEBUG - 处理帧 28: D:/workspace/LabelQuick/video\28.jpg
2025-03-16 04:27:22,075 - sampro.LabelVideo_TW - DEBUG - 帧 28 尺寸: 1300x736
2025-03-16 04:27:22,076 - sampro.LabelVideo_TW - WARNING - Warning: Invalid frame at index 28
2025-03-16 04:27:22,076 - sampro.LabelVideo_TW - DEBUG - 处理帧 29: D:/workspace/LabelQuick/video\29.jpg
2025-03-16 04:27:22,096 - sampro.LabelVideo_TW - DEBUG - 帧 29 尺寸: 1300x736
2025-03-16 04:27:22,097 - sampro.LabelVideo_TW - WARNING - Warning: Invalid frame at index 29
2025-03-16 04:27:22,097 - sampro.LabelVideo_TW - DEBUG - 处理帧 30: D:/workspace/LabelQuick/video\30.jpg
2025-03-16 04:27:22,117 - sampro.LabelVideo_TW - DEBUG - 帧 30 尺寸: 1300x736
2025-03-16 04:27:22,117 - sampro.LabelVideo_TW - WARNING - Warning: Invalid frame at index 30
2025-03-16 04:27:22,117 - sampro.LabelVideo_TW - DEBUG - 处理帧 31: D:/workspace/LabelQuick/video\31.jpg
2025-03-16 04:27:22,136 - sampro.LabelVideo_TW - DEBUG - 帧 31 尺寸: 1300x736
2025-03-16 04:27:22,137 - sampro.LabelVideo_TW - WARNING - Warning: Invalid frame at index 31
2025-03-16 04:27:22,137 - sampro.LabelVideo_TW - DEBUG - 处理帧 32: D:/workspace/LabelQuick/video\32.jpg
2025-03-16 04:27:22,157 - sampro.LabelVideo_TW - DEBUG - 帧 32 尺寸: 1300x736
2025-03-16 04:27:22,157 - sampro.LabelVideo_TW - WARNING - Warning: Invalid frame at index 32
2025-03-16 04:27:22,158 - sampro.LabelVideo_TW - DEBUG - 处理帧 33: D:/workspace/LabelQuick/video\33.jpg
2025-03-16 04:27:22,178 - sampro.LabelVideo_TW - DEBUG - 帧 33 尺寸: 1300x736
2025-03-16 04:27:22,179 - sampro.LabelVideo_TW - WARNING - Warning: Invalid frame at index 33
2025-03-16 04:27:22,179 - sampro.LabelVideo_TW - DEBUG - 处理帧 34: D:/workspace/LabelQuick/video\34.jpg
2025-03-16 04:27:22,199 - sampro.LabelVideo_TW - DEBUG - 帧 34 尺寸: 1300x736
2025-03-16 04:27:22,199 - sampro.LabelVideo_TW - WARNING - Warning: Invalid frame at index 34
2025-03-16 04:27:22,199 - sampro.LabelVideo_TW - DEBUG - 处理帧 35: D:/workspace/LabelQuick/video\35.jpg
2025-03-16 04:27:22,218 - sampro.LabelVideo_TW - DEBUG - 帧 35 尺寸: 1300x736
2025-03-16 04:27:22,218 - sampro.LabelVideo_TW - WARNING - Warning: Invalid frame at index 35
2025-03-16 04:27:22,219 - sampro.LabelVideo_TW - DEBUG - 处理帧 36: D:/workspace/LabelQuick/video\36.jpg
2025-03-16 04:27:22,239 - sampro.LabelVideo_TW - DEBUG - 帧 36 尺寸: 1300x736
2025-03-16 04:27:22,239 - sampro.LabelVideo_TW - WARNING - Warning: Invalid frame at index 36
2025-03-16 04:27:22,239 - sampro.LabelVideo_TW - DEBUG - 处理帧 37: D:/workspace/LabelQuick/video\37.jpg
2025-03-16 04:27:22,259 - sampro.LabelVideo_TW - DEBUG - 帧 37 尺寸: 1300x736
2025-03-16 04:27:22,260 - sampro.LabelVideo_TW - WARNING - Warning: Invalid frame at index 37
2025-03-16 04:27:22,260 - sampro.LabelVideo_TW - DEBUG - 处理帧 38: D:/workspace/LabelQuick/video\38.jpg
2025-03-16 04:27:22,280 - sampro.LabelVideo_TW - DEBUG - 帧 38 尺寸: 1300x736
2025-03-16 04:27:22,280 - sampro.LabelVideo_TW - WARNING - Warning: Invalid frame at index 38
2025-03-16 04:27:22,281 - sampro.LabelVideo_TW - DEBUG - 处理帧 39: D:/workspace/LabelQuick/video\39.jpg
2025-03-16 04:27:22,301 - sampro.LabelVideo_TW - DEBUG - 帧 39 尺寸: 1300x736
2025-03-16 04:27:22,301 - sampro.LabelVideo_TW - WARNING - Warning: Invalid frame at index 39
2025-03-16 04:27:22,301 - sampro.LabelVideo_TW - DEBUG - 处理帧 40: D:/workspace/LabelQuick/video\40.jpg
2025-03-16 04:27:22,320 - sampro.LabelVideo_TW - DEBUG - 帧 40 尺寸: 1300x736
2025-03-16 04:27:22,320 - sampro.LabelVideo_TW - WARNING - Warning: Invalid frame at index 40
2025-03-16 04:27:22,320 - sampro.LabelVideo_TW - DEBUG - 处理帧 41: D:/workspace/LabelQuick/video\41.jpg
2025-03-16 04:27:22,340 - sampro.LabelVideo_TW - DEBUG - 帧 41 尺寸: 1300x736
2025-03-16 04:27:22,340 - sampro.LabelVideo_TW - WARNING - Warning: Invalid frame at index 41
2025-03-16 04:27:22,340 - sampro.LabelVideo_TW - DEBUG - 处理帧 42: D:/workspace/LabelQuick/video\42.jpg
2025-03-16 04:27:22,361 - sampro.LabelVideo_TW - DEBUG - 帧 42 尺寸: 1300x736
2025-03-16 04:27:22,362 - sampro.LabelVideo_TW - WARNING - Warning: Invalid frame at index 42
2025-03-16 04:27:22,363 - sampro.LabelVideo_TW - INFO - 帧处理完成，返回 1 个标签消息
2025-03-16 04:27:22,370 - root - DEBUG - 收到 1 个标签消息
2025-03-16 04:27:22,371 - root - INFO - 保存所有 YOLO 格式标签，共 1 个帧
2025-03-16 04:27:22,372 - root - INFO - 类别映射已保存到: D:/workspace/LabelQuick/video\labels\classes.txt
2025-03-16 04:27:22,372 - root - DEBUG - 为帧 0 保存 YOLO 标签到 D:/workspace/LabelQuick/video\labels\train\0.txt
2025-03-16 04:27:22,372 - root - DEBUG - 从 size 获取图像尺寸: 1300x736
2025-03-16 04:27:22,372 - util.yolofile - DEBUG - 转换坐标到 YOLO 格式: 图像尺寸=(1300, 736), 边界框=(592, 121, 791, 252)
2025-03-16 04:27:22,372 - util.yolofile - DEBUG - YOLO 格式坐标: 中心点=(0.531923, 0.253397), 尺寸=(0.153077, 0.177989)
2025-03-16 04:27:22,372 - root - DEBUG - 写入行: 0 0.531923 0.253397 0.153077 0.177989
2025-03-16 04:27:22,373 - root - INFO - YOLO 标签已保存到: D:/workspace/LabelQuick/video\labels\train\0.txt
2025-03-16 04:27:22,373 - root - INFO - 视频处理完成，发送完成信号
2025-03-16 04:27:22,373 - root - INFO - 视频处理完成
2025-03-16 04:27:22,373 - root - DEBUG - 收到 1 个标签消息
2025-03-16 04:27:22,382 - root - INFO - 检测打标过程全部完成
2025-03-16 04:27:22,384 - root - INFO - 视频处理完成
2025-03-16 04:27:22,384 - root - DEBUG - 收到 1 个标签消息
2025-03-16 04:27:22,385 - root - INFO - 检测打标过程全部完成
