2025-03-16 04:06:56,541 - root - INFO - LabelQuick 应用程序启动
2025-03-16 04:06:56,785 - hydra.core.utils - DEBUG - Setting JobRuntime:name=UNKNOWN_NAME
2025-03-16 04:06:56,785 - hydra.core.utils - DEBUG - Setting JobRuntime:name=app
2025-03-16 04:07:00,825 - root - INFO - 初始化主界面
2025-03-16 04:07:01,787 - root - DEBUG - UI 设置完成
2025-03-16 04:07:01,788 - root - DEBUG - 初始化变量完成
2025-03-16 04:07:04,165 - root - INFO - Loaded checkpoint sucessfully
2025-03-16 04:07:06,481 - root - INFO - Loaded checkpoint sucessfully
2025-03-16 04:07:06,495 - root - DEBUG - 初始化 Anything_TW 和 AnythingVideo_TW 完成
2025-03-16 04:07:06,495 - root - DEBUG - 初始化定时器完成
2025-03-16 04:07:06,496 - root - DEBUG - 开始连接信号和槽
2025-03-16 04:07:06,497 - root - DEBUG - 信号和槽连接完成
2025-03-16 04:07:06,497 - root - DEBUG - 初始化标签格式: xml
2025-03-16 04:07:06,497 - root - INFO - 主界面初始化完成
2025-03-16 04:07:12,530 - root - INFO - 标签格式已更改: xml -> yolo
2025-03-16 04:07:12,530 - root - DEBUG - 检查 YOLO 格式的类别映射
2025-03-16 04:07:12,530 - root - DEBUG - 类别映射为空，尝试从现有标签初始化
2025-03-16 04:07:12,530 - root - DEBUG - 当前类别映射: {}
2025-03-16 04:07:36,889 - root - INFO - 选择视频: D:/workspace/LabelQuick/video/ceshi.mp4, 输出目录: D:/workspace/LabelQuick/video
2025-03-16 04:07:36,890 - root - INFO - 创建YOLO训练目录结构: D:/workspace/LabelQuick/video\images, D:/workspace/LabelQuick/video\labels
2025-03-16 04:07:36,890 - root - INFO - 输出目录中已有 1 个图像文件，将使用现有图像
2025-03-16 04:07:36,890 - root - INFO - 初始化 AVT 对象
2025-03-16 04:07:39,351 - root - INFO - Loaded checkpoint sucessfully
2025-03-16 04:07:39,370 - root - DEBUG - AVT 对象初始化完成
2025-03-16 04:07:39,370 - root - DEBUG - 设置 AVT 的视频目录: D:/workspace/LabelQuick/video
2025-03-16 04:07:39,370 - sampro.LabelVideo_TW - DEBUG - 找到 1 个帧文件
2025-03-16 04:07:39,370 - sampro.LabelVideo_TW - DEBUG - 使用数字提取排序成功
2025-03-16 04:07:39,370 - sampro.LabelVideo_TW - DEBUG - 排序后的前5个文件: ['0.jpg']
2025-03-16 04:07:39,417 - root - DEBUG - AVT 视频目录设置成功
2025-03-16 04:07:39,417 - root - DEBUG - 找到 1 个视频帧
2025-03-16 04:07:39,417 - root - DEBUG - 初始化 AVT 的推理状态: D:/workspace/LabelQuick/video
2025-03-16 04:07:46,793 - root - DEBUG - AVT 推理状态初始化成功
2025-03-16 04:07:46,794 - root - DEBUG - 设置图像路径: D:/workspace/LabelQuick/video\0.jpg
2025-03-16 04:07:46,794 - root - DEBUG - 图像名称: 0
2025-03-16 04:07:46,806 - root - DEBUG - 调整图像大小: D:/workspace/LabelQuick/video\0.jpg, 1300x736
2025-03-16 04:07:46,828 - root - INFO - For numpy array image, we assume (HxWxC) format
2025-03-16 04:07:46,959 - root - INFO - Computing image embeddings for the provided image...
2025-03-16 04:07:53,971 - root - INFO - Image embeddings computed.
2025-03-16 04:07:53,974 - root - DEBUG - 设置 AT 的图像
2025-03-16 04:07:53,986 - root - DEBUG - 显示图像完成
2025-03-16 04:07:53,986 - root - DEBUG - 启用开始检测打标按钮
2025-03-16 04:07:53,986 - root - DEBUG - 设置鼠标点击事件
2025-03-16 04:07:57,712 - root - INFO - 鼠标点击事件: 坐标=(563, 175)
2025-03-16 04:07:57,713 - root - DEBUG - 设置点击坐标: (563, 175), 方法: 1
2025-03-16 04:07:57,713 - root - DEBUG - 设置 AVT 的点击坐标: (563, 175), 方法: 1
2025-03-16 04:07:57,713 - root - DEBUG - 调用 AVT.Create_Mask
2025-03-16 04:07:57,713 - sampro.LabelVideo_TW - INFO - 创建掩码
2025-03-16 04:07:57,713 - sampro.LabelVideo_TW - DEBUG - 添加新点: 坐标=(563, 175), 方法=1
2025-03-16 04:07:57,716 - sampro.LabelVideo_TW - DEBUG - 点集: [[563 175]], 标签: [1]
2025-03-16 04:07:57,966 - sampro.LabelVideo_TW - DEBUG - 生成的掩码形状: torch.Size([1, 1, 736, 1300])
2025-03-16 04:07:57,967 - sampro.LabelVideo_TW - DEBUG - 掩码形状: (1, 736, 1300)
2025-03-16 04:07:57,967 - sampro.LabelVideo_TW - DEBUG - 帧尺寸: 1300x736
2025-03-16 04:07:57,969 - sampro.LabelVideo_TW - WARNING - 掩码尺寸 (736x1) 与帧尺寸 (1300x736) 不匹配，进行调整
2025-03-16 04:07:57,971 - sampro.LabelVideo_TW - INFO - 绘制掩码，对象 ID: None
2025-03-16 04:07:57,971 - sampro.LabelVideo_TW - DEBUG - 帧尺寸: 1300x736
2025-03-16 04:07:57,972 - sampro.LabelVideo_TW - DEBUG - 原始掩码尺寸: 1300x736
2025-03-16 04:07:57,980 - sampro.LabelVideo_TW - DEBUG - 创建彩色掩码完成
2025-03-16 04:07:57,983 - sampro.LabelVideo_TW - DEBUG - 叠加掩码到原始帧完成
2025-03-16 04:07:57,990 - sampro.LabelVideo_TW - DEBUG - 找到 20 个轮廓
2025-03-16 04:07:57,993 - sampro.LabelVideo_TW - DEBUG - 轮廓 1 面积: 0.0
2025-03-16 04:07:57,993 - sampro.LabelVideo_TW - DEBUG - 轮廓 2 面积: 0.5
2025-03-16 04:07:57,993 - sampro.LabelVideo_TW - DEBUG - 更新最大轮廓: 索引=2, 面积=0.5
2025-03-16 04:07:57,993 - sampro.LabelVideo_TW - DEBUG - 轮廓 3 面积: 0.0
2025-03-16 04:07:57,993 - sampro.LabelVideo_TW - DEBUG - 轮廓 4 面积: 2.5
2025-03-16 04:07:57,993 - sampro.LabelVideo_TW - DEBUG - 更新最大轮廓: 索引=4, 面积=2.5
2025-03-16 04:07:57,993 - sampro.LabelVideo_TW - DEBUG - 轮廓 5 面积: 2.5
2025-03-16 04:07:57,993 - sampro.LabelVideo_TW - DEBUG - 轮廓 6 面积: 0.0
2025-03-16 04:07:57,993 - sampro.LabelVideo_TW - DEBUG - 轮廓 7 面积: 0.0
2025-03-16 04:07:57,994 - sampro.LabelVideo_TW - DEBUG - 轮廓 8 面积: 1.5
2025-03-16 04:07:57,994 - sampro.LabelVideo_TW - DEBUG - 轮廓 9 面积: 4.5
2025-03-16 04:07:57,994 - sampro.LabelVideo_TW - DEBUG - 更新最大轮廓: 索引=9, 面积=4.5
2025-03-16 04:07:57,994 - sampro.LabelVideo_TW - DEBUG - 轮廓 10 面积: 0.0
2025-03-16 04:07:57,994 - sampro.LabelVideo_TW - DEBUG - 轮廓 11 面积: 0.0
2025-03-16 04:07:57,994 - sampro.LabelVideo_TW - DEBUG - 轮廓 12 面积: 1.0
2025-03-16 04:07:57,994 - sampro.LabelVideo_TW - DEBUG - 轮廓 13 面积: 3.0
2025-03-16 04:07:57,994 - sampro.LabelVideo_TW - DEBUG - 轮廓 14 面积: 0.0
2025-03-16 04:07:57,994 - sampro.LabelVideo_TW - DEBUG - 轮廓 15 面积: 4.0
2025-03-16 04:07:57,994 - sampro.LabelVideo_TW - DEBUG - 轮廓 16 面积: 1.0
2025-03-16 04:07:57,994 - sampro.LabelVideo_TW - DEBUG - 轮廓 17 面积: 11.5
2025-03-16 04:07:57,994 - sampro.LabelVideo_TW - DEBUG - 更新最大轮廓: 索引=17, 面积=11.5
2025-03-16 04:07:57,994 - sampro.LabelVideo_TW - DEBUG - 轮廓 18 面积: 0.5
2025-03-16 04:07:57,994 - sampro.LabelVideo_TW - DEBUG - 轮廓 19 面积: 28088.0
2025-03-16 04:07:57,994 - sampro.LabelVideo_TW - DEBUG - 更新最大轮廓: 索引=19, 面积=28088.0
2025-03-16 04:07:57,994 - sampro.LabelVideo_TW - DEBUG - 轮廓 20 面积: 1.5
2025-03-16 04:07:57,995 - sampro.LabelVideo_TW - DEBUG - 最大轮廓边界框: x=501, y=0, w=187, h=224
2025-03-16 04:07:57,996 - sampro.LabelVideo_TW - DEBUG - 绘制边界框和轮廓完成
2025-03-16 04:07:57,996 - sampro.LabelVideo_TW - INFO - 掩码创建成功
2025-03-16 04:07:57,996 - root - DEBUG - AVT.Create_Mask 调用成功
2025-03-16 04:07:57,996 - root - DEBUG - 设置 AT 的点击坐标: (563, 175), 方法: 1
2025-03-16 04:07:57,997 - root - DEBUG - 调用 AT.Create_Mask
2025-03-16 04:07:58,067 - root - DEBUG - 调用 AT.Draw_Mask
2025-03-16 04:07:58,084 - root - DEBUG - 设置点击事件状态: clicked_event=True, paint_event=False
2025-03-16 04:08:00,121 - root - DEBUG - 开始显示已存在的标签和边界框
2025-03-16 04:08:00,136 - root - DEBUG - 没有标签需要显示，显示原始图像
2025-03-16 04:08:02,864 - root - INFO - 鼠标点击事件: 坐标=(566, 175)
2025-03-16 04:08:02,865 - root - DEBUG - 设置点击坐标: (566, 175), 方法: 1
2025-03-16 04:08:02,865 - root - DEBUG - 设置 AVT 的点击坐标: (566, 175), 方法: 1
2025-03-16 04:08:02,865 - root - DEBUG - 调用 AVT.Create_Mask
2025-03-16 04:08:02,865 - sampro.LabelVideo_TW - INFO - 创建掩码
2025-03-16 04:08:02,866 - sampro.LabelVideo_TW - DEBUG - 添加新点: 坐标=(566, 175), 方法=1
2025-03-16 04:08:02,866 - sampro.LabelVideo_TW - DEBUG - 点集: [[563 175]
 [566 175]], 标签: [1 1]
2025-03-16 04:08:02,972 - sampro.LabelVideo_TW - DEBUG - 生成的掩码形状: torch.Size([1, 1, 736, 1300])
2025-03-16 04:08:02,972 - sampro.LabelVideo_TW - DEBUG - 掩码形状: (1, 736, 1300)
2025-03-16 04:08:02,973 - sampro.LabelVideo_TW - DEBUG - 帧尺寸: 1300x736
2025-03-16 04:08:02,975 - sampro.LabelVideo_TW - WARNING - 掩码尺寸 (736x1) 与帧尺寸 (1300x736) 不匹配，进行调整
2025-03-16 04:08:02,976 - sampro.LabelVideo_TW - INFO - 绘制掩码，对象 ID: None
2025-03-16 04:08:02,976 - sampro.LabelVideo_TW - DEBUG - 帧尺寸: 1300x736
2025-03-16 04:08:02,976 - sampro.LabelVideo_TW - DEBUG - 原始掩码尺寸: 1300x736
2025-03-16 04:08:02,982 - sampro.LabelVideo_TW - DEBUG - 创建彩色掩码完成
2025-03-16 04:08:02,984 - sampro.LabelVideo_TW - DEBUG - 叠加掩码到原始帧完成
2025-03-16 04:08:02,985 - sampro.LabelVideo_TW - DEBUG - 找到 7 个轮廓
2025-03-16 04:08:02,986 - sampro.LabelVideo_TW - DEBUG - 轮廓 1 面积: 0.5
2025-03-16 04:08:02,986 - sampro.LabelVideo_TW - DEBUG - 更新最大轮廓: 索引=1, 面积=0.5
2025-03-16 04:08:02,986 - sampro.LabelVideo_TW - DEBUG - 轮廓 2 面积: 2.0
2025-03-16 04:08:02,986 - sampro.LabelVideo_TW - DEBUG - 更新最大轮廓: 索引=2, 面积=2.0
2025-03-16 04:08:02,986 - sampro.LabelVideo_TW - DEBUG - 轮廓 3 面积: 4.0
2025-03-16 04:08:02,987 - sampro.LabelVideo_TW - DEBUG - 更新最大轮廓: 索引=3, 面积=4.0
2025-03-16 04:08:02,987 - sampro.LabelVideo_TW - DEBUG - 轮廓 4 面积: 3.5
2025-03-16 04:08:02,987 - sampro.LabelVideo_TW - DEBUG - 轮廓 5 面积: 114.5
2025-03-16 04:08:02,987 - sampro.LabelVideo_TW - DEBUG - 更新最大轮廓: 索引=5, 面积=114.5
2025-03-16 04:08:02,987 - sampro.LabelVideo_TW - DEBUG - 轮廓 6 面积: 0.0
2025-03-16 04:08:02,987 - sampro.LabelVideo_TW - DEBUG - 轮廓 7 面积: 30428.5
2025-03-16 04:08:02,987 - sampro.LabelVideo_TW - DEBUG - 更新最大轮廓: 索引=7, 面积=30428.5
2025-03-16 04:08:02,987 - sampro.LabelVideo_TW - DEBUG - 最大轮廓边界框: x=497, y=0, w=196, h=225
2025-03-16 04:08:02,988 - sampro.LabelVideo_TW - DEBUG - 绘制边界框和轮廓完成
2025-03-16 04:08:02,988 - sampro.LabelVideo_TW - INFO - 掩码创建成功
2025-03-16 04:08:02,989 - root - DEBUG - AVT.Create_Mask 调用成功
2025-03-16 04:08:02,989 - root - DEBUG - 设置 AT 的点击坐标: (566, 175), 方法: 1
2025-03-16 04:08:02,989 - root - DEBUG - 调用 AT.Create_Mask
2025-03-16 04:08:03,061 - root - DEBUG - 调用 AT.Draw_Mask
2025-03-16 04:08:03,070 - root - DEBUG - 设置点击事件状态: clicked_event=True, paint_event=False
2025-03-16 04:08:09,030 - root - INFO - 视频对话框确认，标签文本: 篮球
2025-03-16 04:08:09,030 - root - DEBUG - 添加标签到列表: 篮球
2025-03-16 04:08:09,031 - root - DEBUG - 初始化 list_labels 列表
2025-03-16 04:08:09,031 - root - DEBUG - 确保YOLO目录结构存在: D:/workspace/LabelQuick/video\images\train, D:/workspace/LabelQuick/video\labels\train
2025-03-16 04:08:09,031 - root - DEBUG - 使用 YOLO 格式保存标签: 篮球
2025-03-16 04:08:09,031 - root - DEBUG - 边界框坐标: x=554, y=172, w=25, h=26
2025-03-16 04:08:09,031 - util.yolofile - DEBUG - 创建 YOLO 标签信息: 图像=0, 尺寸=1300x736, 文本=篮球
2025-03-16 04:08:09,031 - util.yolofile - DEBUG - 边界框: x=554, y=172, w=25, h=26
2025-03-16 04:08:09,032 - util.yolofile - DEBUG - YOLO 标签文件路径: D:/workspace/LabelQuick/video\0.txt
2025-03-16 04:08:09,032 - util.yolofile - DEBUG - YOLO 标签信息已创建: 路径=D:/workspace/LabelQuick/video\0.txt, 大小=[1300, 736, 3], 边界框=[554, 172, 579, 198]
2025-03-16 04:08:09,032 - root - DEBUG - 添加新类别到映射: 篮球 -> 0
2025-03-16 04:08:09,033 - root - INFO - 类别映射已保存到: D:/workspace/LabelQuick/video\labels\classes.txt
2025-03-16 04:08:09,034 - root - DEBUG - 保存 YOLO 标签到: D:/workspace/LabelQuick/video\labels\train\0.txt, 大小: [1300, 736, 3], 类别映射: {'篮球': 0}
2025-03-16 04:08:09,034 - util.yolofile - DEBUG - 转换坐标到 YOLO 格式: 图像尺寸=(1300, 736), 边界框=(554, 172, 579, 198)
2025-03-16 04:08:09,034 - util.yolofile - DEBUG - YOLO 格式坐标: 中心点=(0.435769, 0.251359), 尺寸=(0.019231, 0.035326)
2025-03-16 04:08:09,034 - root - DEBUG - 写入行: 0 0.435769 0.251359 0.019231 0.035326
2025-03-16 04:08:09,034 - root - INFO - YOLO 标签已保存到: D:/workspace/LabelQuick/video\labels\train\0.txt
2025-03-16 04:08:09,035 - root - DEBUG - 启用开始检测打标按钮
2025-03-16 04:08:09,035 - root - DEBUG - 重置点击和绘制事件状态
2025-03-16 04:08:09,035 - root - DEBUG - 开始显示已存在的标签和边界框
2025-03-16 04:08:09,049 - root - DEBUG - 显示 1 个点击标签和 0 个绘制标签
2025-03-16 04:08:09,050 - root - DEBUG - 绘制点击标签 1: (554, 172) - (579, 198)
2025-03-16 04:08:09,052 - root - DEBUG - 标签显示完成
2025-03-16 04:08:09,053 - root - DEBUG - 显示已存在的标签
2025-03-16 04:08:13,235 - root - INFO - 开始视频检测打标
2025-03-16 04:08:13,236 - root - DEBUG - 禁用开始检测打标按钮
2025-03-16 04:08:13,236 - root - DEBUG - 视频路径: D:/workspace/LabelQuick/video/ceshi.mp4, 输出目录: D:/workspace/LabelQuick/video
2025-03-16 04:08:13,236 - root - DEBUG - 设置 AVT 的点击坐标: (566, 175), 方法: 1
2025-03-16 04:08:13,237 - root - DEBUG - AVT 点击坐标设置成功
2025-03-16 04:08:13,237 - root - DEBUG - 添加点击点到模型
2025-03-16 04:08:13,237 - sampro.LabelVideo_TW - DEBUG - 添加新点: 坐标=(566, 175), 方法=1
2025-03-16 04:08:13,237 - sampro.LabelVideo_TW - DEBUG - 点集: [[563 175]
 [566 175]
 [566 175]], 标签: [1 1 1]
2025-03-16 04:08:13,336 - sampro.LabelVideo_TW - DEBUG - 生成的掩码形状: torch.Size([1, 1, 736, 1300])
2025-03-16 04:08:13,336 - root - DEBUG - 点击点添加成功
2025-03-16 04:08:13,337 - root - DEBUG - 创建视频处理线程，点击坐标: (566, 175), 方法: 1, 文本: 篮球
2025-03-16 04:08:13,337 - root - DEBUG - 保存路径: D:/workspace/LabelQuick/video, 格式: yolo, 类别映射: {'篮球': 0}
2025-03-16 04:08:13,337 - root - INFO - 初始化视频处理线程
2025-03-16 04:08:13,338 - root - DEBUG - 视频处理线程初始化完成: 视频路径=D:/workspace/LabelQuick/video/ceshi.mp4, 输出目录=D:/workspace/LabelQuick/video, 格式=yolo
2025-03-16 04:08:13,338 - root - DEBUG - 连接视频处理线程信号
2025-03-16 04:08:13,339 - root - INFO - 启动视频处理线程
2025-03-16 04:08:13,339 - root - DEBUG - 禁用其他按钮，防止重复处理
2025-03-16 04:08:13,340 - root - INFO - 开始视频处理: 点击坐标=(566, 175), 方法=1
2025-03-16 04:08:13,341 - root - DEBUG - 创建输出目录: D:/workspace/LabelQuick/video 和 mask 子目录: D:/workspace/LabelQuick/video\mask
2025-03-16 04:08:13,341 - root - DEBUG - 确保YOLO目录结构存在: D:/workspace/LabelQuick/video\images\train, D:/workspace/LabelQuick/video\labels\train
2025-03-16 04:08:13,341 - root - INFO - 开始处理视频帧，总帧数: 1
2025-03-16 04:08:13,341 - root - DEBUG - 设置 AVT 的点击坐标: (566, 175), 方法: 1
2025-03-16 04:08:13,341 - root - INFO - 开始自动视频打标
2025-03-16 04:08:13,342 - sampro.LabelVideo_TW - INFO - 开始自动视频打标，格式: yolo, 文本: 篮球
2025-03-16 04:08:13,342 - sampro.LabelVideo_TW - INFO - 开始收集视频分割结果
2025-03-16 04:08:13,452 - sampro.LabelVideo_TW - DEBUG - 帧 0 的分割结果: 对象 IDs [1]
2025-03-16 04:08:13,453 - sampro.LabelVideo_TW - INFO - 收集到 1 个帧的分割结果
2025-03-16 04:08:13,453 - sampro.LabelVideo_TW - INFO - 开始处理所有帧并生成标签
2025-03-16 04:08:13,453 - sampro.LabelVideo_TW - INFO - 开始绘制轮廓，格式: yolo, 文本: 篮球
2025-03-16 04:08:13,453 - sampro.LabelVideo_TW - DEBUG - 起始帧: 0, 返回帧: False, 保存图像路径: D:/workspace/LabelQuick/video\mask, 保存标签路径: D:/workspace/LabelQuick/video
2025-03-16 04:08:13,454 - sampro.LabelVideo_TW - DEBUG - 开始在视频中传播分割结果
2025-03-16 04:08:13,456 - sampro.LabelVideo_TW - DEBUG - 帧 0 的掩码形状: torch.Size([1, 1, 736, 1300])
2025-03-16 04:08:13,456 - sampro.LabelVideo_TW - DEBUG - 帧 0, 对象 1 的掩码形状: (1, 736, 1300)
2025-03-16 04:08:13,456 - sampro.LabelVideo_TW - DEBUG - 帧 0 的分割结果: 对象 IDs [1]
2025-03-16 04:08:13,457 - sampro.LabelVideo_TW - DEBUG - 找到 1 个帧
2025-03-16 04:08:13,457 - sampro.LabelVideo_TW - INFO - 开始处理 1 个帧
2025-03-16 04:08:13,457 - sampro.LabelVideo_TW - DEBUG - 处理帧 0: D:/workspace/LabelQuick/video\0.jpg
2025-03-16 04:08:13,474 - sampro.LabelVideo_TW - DEBUG - 帧 0 尺寸: 1300x736
2025-03-16 04:08:13,474 - sampro.LabelVideo_TW - DEBUG - 帧 0 有 1 个分割对象
2025-03-16 04:08:13,474 - sampro.LabelVideo_TW - DEBUG - 处理帧 0 的对象 1
2025-03-16 04:08:13,474 - sampro.LabelVideo_TW - DEBUG - 原始掩码尺寸: (1, 736, 1300)
2025-03-16 04:08:13,474 - sampro.LabelVideo_TW - DEBUG - 转换掩码类型从 bool 到 uint8
2025-03-16 04:08:13,477 - sampro.LabelVideo_TW - WARNING - 掩码尺寸 (736x1) 与帧尺寸 (1300x736) 不匹配，进行调整
2025-03-16 04:08:13,477 - sampro.LabelVideo_TW - DEBUG - 调整后的掩码尺寸: (736, 1300)
2025-03-16 04:08:13,478 - sampro.LabelVideo_TW - INFO - 绘制掩码，对象 ID: 1
2025-03-16 04:08:13,479 - sampro.LabelVideo_TW - DEBUG - 帧尺寸: 1300x736
2025-03-16 04:08:13,479 - sampro.LabelVideo_TW - DEBUG - 原始掩码尺寸: 1300x736
2025-03-16 04:08:13,485 - sampro.LabelVideo_TW - DEBUG - 创建彩色掩码完成
2025-03-16 04:08:13,486 - sampro.LabelVideo_TW - DEBUG - 叠加掩码到原始帧完成
2025-03-16 04:08:13,487 - sampro.LabelVideo_TW - DEBUG - 找到 1 个轮廓
2025-03-16 04:08:13,488 - sampro.LabelVideo_TW - DEBUG - 轮廓 1 面积: 28261.5
2025-03-16 04:08:13,488 - sampro.LabelVideo_TW - DEBUG - 更新最大轮廓: 索引=1, 面积=28261.5
2025-03-16 04:08:13,488 - sampro.LabelVideo_TW - DEBUG - 最大轮廓边界框: x=504, y=0, w=185, h=224
2025-03-16 04:08:13,489 - sampro.LabelVideo_TW - DEBUG - 绘制边界框和轮廓完成
2025-03-16 04:08:13,490 - sampro.LabelVideo_TW - DEBUG - 绘制掩码成功，边界框: x=504, y=0, w=185, h=224
2025-03-16 04:08:13,491 - sampro.LabelVideo_TW - DEBUG - 保存处理后的帧图像
2025-03-16 04:08:13,500 - sampro.LabelVideo_TW - DEBUG - 保存调整后的图像到: D:/workspace/LabelQuick/video\mask/0.jpg, 大小: 1300x736.0
2025-03-16 04:08:13,501 - sampro.LabelVideo_TW - DEBUG - 创建 YOLO 格式标签，文本: 篮球
2025-03-16 04:08:13,501 - util.yolofile - DEBUG - 创建 YOLO 标签信息: 图像=0, 尺寸=1300x736, 文本=篮球
2025-03-16 04:08:13,501 - util.yolofile - DEBUG - 边界框: x=504, y=0, w=185, h=224
2025-03-16 04:08:13,501 - util.yolofile - DEBUG - YOLO 标签文件路径: D:/workspace/LabelQuick/video\0.txt
2025-03-16 04:08:13,501 - util.yolofile - DEBUG - YOLO 标签信息已创建: 路径=D:/workspace/LabelQuick/video\0.txt, 大小=[1300, 736, 3], 边界框=[504, 0, 689, 224]
2025-03-16 04:08:13,501 - sampro.LabelVideo_TW - DEBUG - YOLO 标签信息: 路径=D:/workspace/LabelQuick/video\0.txt, 大小=[1300, 736, 3]
2025-03-16 04:08:13,501 - sampro.LabelVideo_TW - DEBUG - 添加标签消息到列表，当前共 1 个消息
2025-03-16 04:08:13,501 - sampro.LabelVideo_TW - INFO - 帧处理完成，返回 1 个标签消息
2025-03-16 04:08:13,503 - root - DEBUG - 收到 1 个标签消息
2025-03-16 04:08:13,503 - root - INFO - 保存所有 YOLO 格式标签，共 1 个帧
2025-03-16 04:08:13,503 - root - INFO - 类别映射已保存到: D:/workspace/LabelQuick/video\labels\classes.txt
2025-03-16 04:08:13,504 - root - DEBUG - 为帧 0 保存 YOLO 标签到 D:/workspace/LabelQuick/video\labels\train\0.txt
2025-03-16 04:08:13,504 - root - DEBUG - 从 size 获取图像尺寸: 1300x736
2025-03-16 04:08:13,504 - util.yolofile - DEBUG - 转换坐标到 YOLO 格式: 图像尺寸=(1300, 736), 边界框=(504, 0, 689, 224)
2025-03-16 04:08:13,504 - util.yolofile - DEBUG - YOLO 格式坐标: 中心点=(0.458846, 0.152174), 尺寸=(0.142308, 0.304348)
2025-03-16 04:08:13,504 - root - DEBUG - 写入行: 0 0.458846 0.152174 0.142308 0.304348
2025-03-16 04:08:13,504 - root - INFO - YOLO 标签已保存到: D:/workspace/LabelQuick/video\labels\train\0.txt
2025-03-16 04:08:13,505 - root - INFO - 视频处理完成，发送完成信号
2025-03-16 04:08:13,505 - root - INFO - 视频处理完成
2025-03-16 04:08:13,505 - root - DEBUG - 收到 1 个标签消息
2025-03-16 04:08:13,516 - root - INFO - 检测打标过程全部完成
2025-03-16 04:08:13,517 - root - INFO - 视频处理完成
2025-03-16 04:08:13,517 - root - DEBUG - 收到 1 个标签消息
2025-03-16 04:08:13,518 - root - INFO - 检测打标过程全部完成
