2025-03-16 03:43:19,252 - root - INFO - LabelQuick 应用程序启动
2025-03-16 03:43:19,491 - hydra.core.utils - DEBUG - Setting JobRuntime:name=UNKNOWN_NAME
2025-03-16 03:43:19,491 - hydra.core.utils - DEBUG - Setting JobRuntime:name=app
2025-03-16 03:43:23,399 - root - INFO - 初始化主界面
2025-03-16 03:43:24,317 - root - DEBUG - UI 设置完成
2025-03-16 03:43:24,317 - root - DEBUG - 初始化变量完成
2025-03-16 03:43:26,563 - root - INFO - Loaded checkpoint sucessfully
2025-03-16 03:43:28,802 - root - INFO - Loaded checkpoint sucessfully
2025-03-16 03:43:28,819 - root - DEBUG - 初始化 Anything_TW 和 AnythingVideo_TW 完成
2025-03-16 03:43:28,820 - root - DEBUG - 初始化定时器完成
2025-03-16 03:43:28,820 - root - DEBUG - 开始连接信号和槽
2025-03-16 03:43:28,821 - root - DEBUG - 信号和槽连接完成
2025-03-16 03:43:28,821 - root - DEBUG - 初始化标签格式: xml
2025-03-16 03:43:28,821 - root - INFO - 主界面初始化完成
2025-03-16 03:43:32,011 - root - INFO - 标签格式已更改: xml -> yolo
2025-03-16 03:43:32,011 - root - DEBUG - 检查 YOLO 格式的类别映射
2025-03-16 03:43:32,011 - root - DEBUG - 类别映射为空，尝试从现有标签初始化
2025-03-16 03:43:32,011 - root - DEBUG - 当前类别映射: {}
2025-03-16 03:43:59,469 - root - INFO - 选择视频: D:/workspace/LabelQuick/video/ceshi.mp4, 输出目录: D:/workspace/LabelQuick/video
2025-03-16 03:43:59,470 - root - INFO - 创建YOLO训练目录结构: D:/workspace/LabelQuick/video\images, D:/workspace/LabelQuick/video\labels
2025-03-16 03:43:59,471 - root - DEBUG - 输出目录中没有图像，提取视频第一帧
2025-03-16 03:43:59,590 - root - DEBUG - 读取视频第一帧成功
2025-03-16 03:43:59,610 - root - INFO - 保存第一帧到: D:/workspace/LabelQuick/video\0.jpg
2025-03-16 03:43:59,622 - root - DEBUG - 设置 AVT 的视频目录: D:/workspace/LabelQuick/video
2025-03-16 03:43:59,622 - sampro.LabelVideo_TW - DEBUG - 找到 1 个帧文件
2025-03-16 03:43:59,622 - sampro.LabelVideo_TW - DEBUG - 使用数字提取排序成功
2025-03-16 03:43:59,623 - sampro.LabelVideo_TW - DEBUG - 排序后的前5个文件: ['0.jpg']
2025-03-16 03:43:59,661 - root - DEBUG - AVT 视频目录设置成功
2025-03-16 03:43:59,661 - root - DEBUG - 初始化 AVT 的推理状态: D:/workspace/LabelQuick/video
2025-03-16 03:44:07,102 - root - DEBUG - AVT 推理状态初始化成功
2025-03-16 03:44:07,103 - root - DEBUG - 设置图像路径: D:/workspace/LabelQuick/video\0.jpg
2025-03-16 03:44:07,103 - root - DEBUG - 图像名称: 0
2025-03-16 03:44:07,128 - root - DEBUG - 调整图像大小: D:/workspace/LabelQuick/video\0.jpg, 1300x736
2025-03-16 03:44:07,148 - root - INFO - For numpy array image, we assume (HxWxC) format
2025-03-16 03:44:07,293 - root - INFO - Computing image embeddings for the provided image...
2025-03-16 03:44:14,586 - root - INFO - Image embeddings computed.
2025-03-16 03:44:14,590 - root - DEBUG - 设置 AT 的图像
2025-03-16 03:44:14,601 - root - DEBUG - 显示图像完成
2025-03-16 03:44:14,601 - root - DEBUG - 设置鼠标点击事件
2025-03-16 03:44:17,037 - root - INFO - 鼠标点击事件: 坐标=(564, 177)
2025-03-16 03:44:17,038 - root - DEBUG - 设置点击坐标: (564, 177), 方法: 1
2025-03-16 03:44:17,038 - root - DEBUG - 设置 AVT 的点击坐标: (564, 177), 方法: 1
2025-03-16 03:44:17,038 - root - DEBUG - 调用 AVT.Create_Mask
2025-03-16 03:44:17,038 - sampro.LabelVideo_TW - INFO - 创建掩码
2025-03-16 03:44:17,038 - sampro.LabelVideo_TW - DEBUG - 添加新点: 坐标=(564, 177), 方法=1
2025-03-16 03:44:17,040 - sampro.LabelVideo_TW - DEBUG - 点集: [[564 177]], 标签: [1]
2025-03-16 03:44:17,280 - sampro.LabelVideo_TW - DEBUG - 生成的掩码形状: torch.Size([1, 1, 544, 960])
2025-03-16 03:44:17,280 - sampro.LabelVideo_TW - DEBUG - 掩码形状: (1, 544, 960)
2025-03-16 03:44:17,281 - sampro.LabelVideo_TW - DEBUG - 帧尺寸: 960x544
2025-03-16 03:44:17,282 - sampro.LabelVideo_TW - WARNING - 掩码尺寸 (544x1) 与帧尺寸 (960x544) 不匹配，进行调整
2025-03-16 03:44:17,284 - sampro.LabelVideo_TW - INFO - 绘制掩码，对象 ID: None
2025-03-16 03:44:17,284 - sampro.LabelVideo_TW - DEBUG - 帧尺寸: 960x544
2025-03-16 03:44:17,284 - sampro.LabelVideo_TW - DEBUG - 原始掩码尺寸: 960x544
2025-03-16 03:44:17,292 - sampro.LabelVideo_TW - DEBUG - 创建彩色掩码完成
2025-03-16 03:44:17,294 - sampro.LabelVideo_TW - DEBUG - 叠加掩码到原始帧完成
2025-03-16 03:44:17,300 - sampro.LabelVideo_TW - DEBUG - 找到 1 个轮廓
2025-03-16 03:44:17,302 - sampro.LabelVideo_TW - DEBUG - 轮廓 1 面积: 11601.5
2025-03-16 03:44:17,302 - sampro.LabelVideo_TW - DEBUG - 更新最大轮廓: 索引=1, 面积=11601.5
2025-03-16 03:44:17,302 - sampro.LabelVideo_TW - DEBUG - 最大轮廓边界框: x=437, y=88, w=147, h=97
2025-03-16 03:44:17,303 - sampro.LabelVideo_TW - DEBUG - 绘制边界框和轮廓完成
2025-03-16 03:44:17,303 - sampro.LabelVideo_TW - INFO - 掩码创建成功
2025-03-16 03:44:17,303 - root - DEBUG - AVT.Create_Mask 调用成功
2025-03-16 03:44:17,303 - root - DEBUG - 设置 AT 的点击坐标: (564, 177), 方法: 1
2025-03-16 03:44:17,304 - root - DEBUG - 调用 AT.Create_Mask
2025-03-16 03:44:17,375 - root - DEBUG - 调用 AT.Draw_Mask
2025-03-16 03:44:17,393 - root - DEBUG - 设置点击事件状态: clicked_event=True, paint_event=False
2025-03-16 03:44:25,621 - root - INFO - 视频对话框确认，标签文本: 篮球
2025-03-16 03:44:25,622 - root - DEBUG - 添加标签到列表: 篮球
2025-03-16 03:44:25,622 - root - DEBUG - 初始化 list_labels 列表
2025-03-16 03:44:25,623 - root - DEBUG - 确保YOLO目录结构存在: D:/workspace/LabelQuick/video\images\train, D:/workspace/LabelQuick/video\labels\train
2025-03-16 03:44:25,625 - root - DEBUG - 复制图像到训练目录: D:/workspace/LabelQuick/video\images\train\0.jpg
2025-03-16 03:44:25,625 - root - DEBUG - 使用 YOLO 格式保存标签: 篮球
2025-03-16 03:44:25,625 - root - DEBUG - 边界框坐标: x=556, y=172, w=25, h=28
2025-03-16 03:44:25,625 - util.yolofile - DEBUG - 创建 YOLO 标签信息: 图像=0, 尺寸=1300x736, 文本=篮球
2025-03-16 03:44:25,625 - util.yolofile - DEBUG - 边界框: x=556, y=172, w=25, h=28
2025-03-16 03:44:25,625 - util.yolofile - DEBUG - YOLO 标签文件路径: D:/workspace/LabelQuick/video\0.txt
2025-03-16 03:44:25,625 - util.yolofile - DEBUG - YOLO 标签信息已创建: 路径=D:/workspace/LabelQuick/video\0.txt, 大小=[1300, 736, 3], 边界框=[556, 172, 581, 200]
2025-03-16 03:44:25,625 - root - DEBUG - 添加新类别到映射: 篮球 -> 0
2025-03-16 03:44:25,626 - root - INFO - 类别映射已保存到: D:/workspace/LabelQuick/video\labels\classes.txt
2025-03-16 03:44:25,627 - root - DEBUG - 保存 YOLO 标签到: D:/workspace/LabelQuick/video\labels\train\0.txt, 大小: [1300, 736, 3], 类别映射: {'篮球': 0}
2025-03-16 03:44:25,627 - util.yolofile - DEBUG - 转换坐标到 YOLO 格式: 图像尺寸=(1300, 736), 边界框=(556, 172, 581, 200)
2025-03-16 03:44:25,627 - util.yolofile - DEBUG - YOLO 格式坐标: 中心点=(0.437308, 0.252717), 尺寸=(0.019231, 0.038043)
2025-03-16 03:44:25,627 - root - DEBUG - 写入行: 0 0.437308 0.252717 0.019231 0.038043
2025-03-16 03:44:25,627 - root - INFO - YOLO 标签已保存到: D:/workspace/LabelQuick/video\labels\train\0.txt
2025-03-16 03:44:25,628 - root - DEBUG - 启用开始检测打标按钮
2025-03-16 03:44:25,628 - root - DEBUG - 重置点击和绘制事件状态
2025-03-16 03:44:25,628 - root - DEBUG - 开始显示已存在的标签和边界框
2025-03-16 03:44:25,641 - root - DEBUG - 显示 1 个点击标签和 0 个绘制标签
2025-03-16 03:44:25,641 - root - DEBUG - 绘制点击标签 1: (556, 172) - (581, 200)
2025-03-16 03:44:25,644 - root - DEBUG - 标签显示完成
2025-03-16 03:44:25,644 - root - DEBUG - 显示已存在的标签
2025-03-16 03:44:33,887 - root - INFO - 开始视频检测打标
2025-03-16 03:44:33,889 - root - DEBUG - 禁用开始检测打标按钮
2025-03-16 03:44:33,889 - root - DEBUG - 视频路径: D:/workspace/LabelQuick/video/ceshi.mp4, 输出目录: D:/workspace/LabelQuick/video
2025-03-16 03:44:33,889 - root - DEBUG - 设置 AVT 的点击坐标: (564, 177), 方法: 1
2025-03-16 03:44:33,889 - root - DEBUG - AVT 点击坐标设置成功
2025-03-16 03:44:33,890 - root - DEBUG - 添加点击点到模型
2025-03-16 03:44:33,890 - sampro.LabelVideo_TW - DEBUG - 添加新点: 坐标=(564, 177), 方法=1
2025-03-16 03:44:33,890 - sampro.LabelVideo_TW - DEBUG - 点集: [[564 177]
 [564 177]], 标签: [1 1]
2025-03-16 03:44:33,982 - sampro.LabelVideo_TW - DEBUG - 生成的掩码形状: torch.Size([1, 1, 544, 960])
2025-03-16 03:44:33,982 - root - DEBUG - 点击点添加成功
2025-03-16 03:44:33,982 - root - DEBUG - 创建视频处理线程，点击坐标: (564, 177), 方法: 1, 文本: 篮球
2025-03-16 03:44:33,982 - root - DEBUG - 保存路径: D:/workspace/LabelQuick/video, 格式: yolo, 类别映射: {'篮球': 0}
2025-03-16 03:44:33,982 - root - INFO - 初始化视频处理线程
2025-03-16 03:44:33,983 - root - DEBUG - 视频处理线程初始化完成: 视频路径=D:/workspace/LabelQuick/video/ceshi.mp4, 输出目录=D:/workspace/LabelQuick/video, 格式=yolo
2025-03-16 03:44:33,984 - root - DEBUG - 连接视频处理线程信号
2025-03-16 03:44:33,984 - root - INFO - 启动视频处理线程
2025-03-16 03:44:33,985 - root - DEBUG - 禁用其他按钮，防止重复处理
2025-03-16 03:44:33,985 - root - INFO - 开始视频处理: 点击坐标=(564, 177), 方法=1
2025-03-16 03:44:33,986 - root - DEBUG - 创建输出目录: D:/workspace/LabelQuick/video 和 mask 子目录: D:/workspace/LabelQuick/video\mask
2025-03-16 03:44:33,987 - root - DEBUG - 确保YOLO目录结构存在: D:/workspace/LabelQuick/video\images\train, D:/workspace/LabelQuick/video\labels\train
2025-03-16 03:44:33,987 - root - INFO - 开始处理视频帧，总帧数: 1
2025-03-16 03:44:33,987 - root - DEBUG - 处理第 1/1 帧: D:/workspace/LabelQuick/video\0.jpg
2025-03-16 03:44:33,988 - root - DEBUG - 调用 Draw_Mask_at_frame 处理帧，格式: yolo
2025-03-16 03:44:33,988 - sampro.LabelVideo_TW - INFO - 开始绘制轮廓，格式: yolo, 文本: 篮球
2025-03-16 03:44:33,988 - sampro.LabelVideo_TW - DEBUG - 起始帧: 0, 返回帧: False, 保存图像路径: D:/workspace/LabelQuick/video\mask, 保存标签路径: D:/workspace/LabelQuick/video
2025-03-16 03:44:33,988 - sampro.LabelVideo_TW - DEBUG - 开始在视频中传播分割结果
2025-03-16 03:44:34,091 - sampro.LabelVideo_TW - DEBUG - 帧 0 的掩码形状: torch.Size([1, 1, 544, 960])
2025-03-16 03:44:34,092 - sampro.LabelVideo_TW - DEBUG - 帧 0, 对象 1 的掩码形状: (1, 544, 960)
2025-03-16 03:44:34,092 - sampro.LabelVideo_TW - DEBUG - 帧 0 的分割结果: 对象 IDs [1]
2025-03-16 03:44:34,093 - sampro.LabelVideo_TW - DEBUG - 找到 1 个帧
2025-03-16 03:44:34,093 - sampro.LabelVideo_TW - INFO - 开始处理 1 个帧
2025-03-16 03:44:34,093 - sampro.LabelVideo_TW - DEBUG - 处理帧 0: D:/workspace/LabelQuick/video\0.jpg
2025-03-16 03:44:34,108 - sampro.LabelVideo_TW - DEBUG - 帧 0 尺寸: 1300x736
2025-03-16 03:44:34,109 - sampro.LabelVideo_TW - DEBUG - 帧 0 有 1 个分割对象
2025-03-16 03:44:34,109 - sampro.LabelVideo_TW - DEBUG - 处理帧 0 的对象 1
2025-03-16 03:44:34,109 - sampro.LabelVideo_TW - DEBUG - 原始掩码尺寸: (1, 544, 960)
2025-03-16 03:44:34,109 - sampro.LabelVideo_TW - DEBUG - 转换掩码类型从 bool 到 uint8
2025-03-16 03:44:34,110 - sampro.LabelVideo_TW - WARNING - 掩码尺寸 (544x1) 与帧尺寸 (1300x736) 不匹配，进行调整
2025-03-16 03:44:34,111 - sampro.LabelVideo_TW - DEBUG - 调整后的掩码尺寸: (736, 1300)
2025-03-16 03:44:34,112 - sampro.LabelVideo_TW - INFO - 绘制掩码，对象 ID: 1
2025-03-16 03:44:34,113 - sampro.LabelVideo_TW - DEBUG - 帧尺寸: 1300x736
2025-03-16 03:44:34,113 - sampro.LabelVideo_TW - DEBUG - 原始掩码尺寸: 1300x736
2025-03-16 03:44:34,119 - sampro.LabelVideo_TW - DEBUG - 创建彩色掩码完成
2025-03-16 03:44:34,121 - sampro.LabelVideo_TW - DEBUG - 叠加掩码到原始帧完成
2025-03-16 03:44:34,122 - sampro.LabelVideo_TW - DEBUG - 找到 1 个轮廓
2025-03-16 03:44:34,123 - sampro.LabelVideo_TW - DEBUG - 轮廓 1 面积: 21199.0
2025-03-16 03:44:34,123 - sampro.LabelVideo_TW - DEBUG - 更新最大轮廓: 索引=1, 面积=21199.0
2025-03-16 03:44:34,123 - sampro.LabelVideo_TW - DEBUG - 最大轮廓边界框: x=591, y=120, w=200, h=132
2025-03-16 03:44:34,123 - sampro.LabelVideo_TW - DEBUG - 绘制边界框和轮廓完成
2025-03-16 03:44:34,124 - sampro.LabelVideo_TW - DEBUG - 绘制掩码成功，边界框: x=591, y=120, w=200, h=132
2025-03-16 03:44:34,125 - sampro.LabelVideo_TW - DEBUG - 保存处理后的帧图像
2025-03-16 03:44:34,134 - sampro.LabelVideo_TW - DEBUG - 保存调整后的图像到: D:/workspace/LabelQuick/video\mask/0.jpg, 大小: 1300x736.0
2025-03-16 03:44:34,135 - sampro.LabelVideo_TW - DEBUG - 创建 YOLO 格式标签，文本: 篮球
2025-03-16 03:44:34,135 - util.yolofile - DEBUG - 创建 YOLO 标签信息: 图像=0, 尺寸=1300x736, 文本=篮球
2025-03-16 03:44:34,135 - util.yolofile - DEBUG - 边界框: x=591, y=120, w=200, h=132
2025-03-16 03:44:34,135 - util.yolofile - DEBUG - YOLO 标签文件路径: D:/workspace/LabelQuick/video\0.txt
2025-03-16 03:44:34,135 - util.yolofile - DEBUG - YOLO 标签信息已创建: 路径=D:/workspace/LabelQuick/video\0.txt, 大小=[1300, 736, 3], 边界框=[591, 120, 791, 252]
2025-03-16 03:44:34,135 - sampro.LabelVideo_TW - DEBUG - YOLO 标签信息: 路径=D:/workspace/LabelQuick/video\0.txt, 大小=[1300, 736, 3]
2025-03-16 03:44:34,136 - sampro.LabelVideo_TW - DEBUG - 添加标签消息到列表，当前共 1 个消息
2025-03-16 03:44:34,136 - sampro.LabelVideo_TW - INFO - 帧处理完成，返回 1 个标签消息
2025-03-16 03:44:34,137 - root - DEBUG - 收集 YOLO 格式标签信息，消息数量: 1
2025-03-16 03:44:34,137 - root - DEBUG - 发送处理后的帧到 UI
2025-03-16 03:44:34,137 - root - INFO - 保存所有 YOLO 格式标签，共 1 个帧
2025-03-16 03:44:34,137 - root - WARNING - 接收到空帧
2025-03-16 03:44:34,138 - root - INFO - 类别映射已保存到: D:/workspace/LabelQuick/video\labels\classes.txt
2025-03-16 03:44:34,139 - root - DEBUG - 为帧 0 保存 YOLO 标签到 D:/workspace/LabelQuick/video\labels\train\0.txt，共 1 个标签
2025-03-16 03:44:34,139 - util.yolofile - DEBUG - 转换坐标到 YOLO 格式: 图像尺寸=(1300, 736), 边界框=(591, 120, 791, 252)
2025-03-16 03:44:34,139 - util.yolofile - DEBUG - YOLO 格式坐标: 中心点=(0.531538, 0.252717), 尺寸=(0.153846, 0.179348)
2025-03-16 03:44:34,139 - root - DEBUG - 写入行: 0 0.531538 0.252717 0.153846 0.179348
2025-03-16 03:44:34,139 - root - INFO - YOLO 标签已保存到: D:/workspace/LabelQuick/video\labels\train\0.txt
2025-03-16 03:44:34,139 - root - INFO - 视频处理完成，发送完成信号
2025-03-16 03:44:34,140 - root - INFO - 视频处理完成
2025-03-16 03:44:34,140 - root - DEBUG - 收到 1 个标签消息
2025-03-16 03:44:34,140 - root - INFO - 检测打标过程全部完成
2025-03-16 03:44:34,141 - root - INFO - 视频处理完成
2025-03-16 03:44:34,141 - root - DEBUG - 收到 1 个标签消息
2025-03-16 03:44:34,141 - root - INFO - 检测打标过程全部完成
