2025-03-16 03:56:45,832 - root - INFO - LabelQuick 应用程序启动
2025-03-16 03:56:46,112 - hydra.core.utils - DEBUG - Setting JobRuntime:name=UNKNOWN_NAME
2025-03-16 03:56:46,112 - hydra.core.utils - DEBUG - Setting JobRuntime:name=app
2025-03-16 03:56:50,670 - root - INFO - 初始化主界面
2025-03-16 03:56:51,615 - root - DEBUG - UI 设置完成
2025-03-16 03:56:51,615 - root - DEBUG - 初始化变量完成
2025-03-16 03:56:53,726 - root - INFO - Loaded checkpoint sucessfully
2025-03-16 03:56:55,881 - root - INFO - Loaded checkpoint sucessfully
2025-03-16 03:56:55,894 - root - DEBUG - 初始化 Anything_TW 和 AnythingVideo_TW 完成
2025-03-16 03:56:55,894 - root - DEBUG - 初始化定时器完成
2025-03-16 03:56:55,895 - root - DEBUG - 开始连接信号和槽
2025-03-16 03:56:55,895 - root - DEBUG - 信号和槽连接完成
2025-03-16 03:56:55,895 - root - DEBUG - 初始化标签格式: xml
2025-03-16 03:56:55,895 - root - INFO - 主界面初始化完成
2025-03-16 03:56:59,312 - root - INFO - 标签格式已更改: xml -> yolo
2025-03-16 03:56:59,312 - root - DEBUG - 检查 YOLO 格式的类别映射
2025-03-16 03:56:59,312 - root - DEBUG - 类别映射为空，尝试从现有标签初始化
2025-03-16 03:56:59,312 - root - DEBUG - 当前类别映射: {}
2025-03-16 03:57:17,609 - root - INFO - 选择视频: D:/workspace/LabelQuick/video/ceshi.mp4, 输出目录: D:/workspace/LabelQuick/video
2025-03-16 03:57:17,610 - root - INFO - 创建YOLO训练目录结构: D:/workspace/LabelQuick/video\images, D:/workspace/LabelQuick/video\labels
2025-03-16 03:57:17,610 - root - INFO - 输出目录中已有 1 个图像文件，将使用现有图像
2025-03-16 03:57:17,611 - root - INFO - 初始化 AVT 对象
2025-03-16 03:57:19,897 - root - INFO - Loaded checkpoint sucessfully
2025-03-16 03:57:19,917 - root - DEBUG - AVT 对象初始化完成
2025-03-16 03:57:19,917 - root - DEBUG - 设置 AVT 的视频目录: D:/workspace/LabelQuick/video
2025-03-16 03:57:19,918 - sampro.LabelVideo_TW - DEBUG - 找到 1 个帧文件
2025-03-16 03:57:19,918 - sampro.LabelVideo_TW - DEBUG - 使用数字提取排序成功
2025-03-16 03:57:19,918 - sampro.LabelVideo_TW - DEBUG - 排序后的前5个文件: ['0.jpg']
2025-03-16 03:57:19,946 - root - DEBUG - AVT 视频目录设置成功
2025-03-16 03:57:19,946 - root - DEBUG - 找到 1 个视频帧
2025-03-16 03:57:19,946 - root - DEBUG - 初始化 AVT 的推理状态: D:/workspace/LabelQuick/video
2025-03-16 03:57:27,269 - root - DEBUG - AVT 推理状态初始化成功
2025-03-16 03:57:27,270 - root - DEBUG - 设置图像路径: D:/workspace/LabelQuick/video\0.jpg
2025-03-16 03:57:27,270 - root - DEBUG - 图像名称: 0
2025-03-16 03:57:27,281 - root - DEBUG - 调整图像大小: D:/workspace/LabelQuick/video\0.jpg, 1300x736
2025-03-16 03:57:27,300 - root - INFO - For numpy array image, we assume (HxWxC) format
2025-03-16 03:57:27,392 - root - INFO - Computing image embeddings for the provided image...
2025-03-16 03:57:34,574 - root - INFO - Image embeddings computed.
2025-03-16 03:57:34,577 - root - DEBUG - 设置 AT 的图像
2025-03-16 03:57:34,590 - root - DEBUG - 显示图像完成
2025-03-16 03:57:34,590 - root - DEBUG - 启用开始检测打标按钮
2025-03-16 03:57:34,590 - root - DEBUG - 设置鼠标点击事件
2025-03-16 03:57:38,779 - root - INFO - 鼠标点击事件: 坐标=(564, 177)
2025-03-16 03:57:38,780 - root - DEBUG - 设置点击坐标: (564, 177), 方法: 1
2025-03-16 03:57:38,780 - root - DEBUG - 设置 AVT 的点击坐标: (564, 177), 方法: 1
2025-03-16 03:57:38,780 - root - DEBUG - 调用 AVT.Create_Mask
2025-03-16 03:57:38,780 - sampro.LabelVideo_TW - INFO - 创建掩码
2025-03-16 03:57:38,780 - sampro.LabelVideo_TW - DEBUG - 添加新点: 坐标=(564, 177), 方法=1
2025-03-16 03:57:38,781 - sampro.LabelVideo_TW - DEBUG - 点集: [[564 177]], 标签: [1]
2025-03-16 03:57:38,973 - sampro.LabelVideo_TW - DEBUG - 生成的掩码形状: torch.Size([1, 1, 736, 1300])
2025-03-16 03:57:38,974 - sampro.LabelVideo_TW - DEBUG - 掩码形状: (1, 736, 1300)
2025-03-16 03:57:38,974 - sampro.LabelVideo_TW - DEBUG - 帧尺寸: 1300x736
2025-03-16 03:57:38,976 - sampro.LabelVideo_TW - WARNING - 掩码尺寸 (736x1) 与帧尺寸 (1300x736) 不匹配，进行调整
2025-03-16 03:57:38,978 - sampro.LabelVideo_TW - INFO - 绘制掩码，对象 ID: None
2025-03-16 03:57:38,978 - sampro.LabelVideo_TW - DEBUG - 帧尺寸: 1300x736
2025-03-16 03:57:38,978 - sampro.LabelVideo_TW - DEBUG - 原始掩码尺寸: 1300x736
2025-03-16 03:57:38,983 - sampro.LabelVideo_TW - DEBUG - 创建彩色掩码完成
2025-03-16 03:57:38,985 - sampro.LabelVideo_TW - DEBUG - 叠加掩码到原始帧完成
2025-03-16 03:57:38,986 - sampro.LabelVideo_TW - DEBUG - 找到 1 个轮廓
2025-03-16 03:57:38,987 - sampro.LabelVideo_TW - DEBUG - 轮廓 1 面积: 263.5
2025-03-16 03:57:38,987 - sampro.LabelVideo_TW - DEBUG - 更新最大轮廓: 索引=1, 面积=263.5
2025-03-16 03:57:38,987 - sampro.LabelVideo_TW - DEBUG - 最大轮廓边界框: x=561, y=178, w=18, h=21
2025-03-16 03:57:38,987 - sampro.LabelVideo_TW - DEBUG - 绘制边界框和轮廓完成
2025-03-16 03:57:38,988 - sampro.LabelVideo_TW - INFO - 掩码创建成功
2025-03-16 03:57:38,988 - root - DEBUG - AVT.Create_Mask 调用成功
2025-03-16 03:57:38,988 - root - DEBUG - 设置 AT 的点击坐标: (564, 177), 方法: 1
2025-03-16 03:57:38,988 - root - DEBUG - 调用 AT.Create_Mask
2025-03-16 03:57:39,053 - root - DEBUG - 调用 AT.Draw_Mask
2025-03-16 03:57:39,062 - root - DEBUG - 设置点击事件状态: clicked_event=True, paint_event=False
2025-03-16 03:57:43,919 - root - INFO - 视频对话框确认，标签文本: 篮球
2025-03-16 03:57:43,919 - root - DEBUG - 添加标签到列表: 篮球
2025-03-16 03:57:43,920 - root - DEBUG - 初始化 list_labels 列表
2025-03-16 03:57:43,920 - root - DEBUG - 确保YOLO目录结构存在: D:/workspace/LabelQuick/video\images\train, D:/workspace/LabelQuick/video\labels\train
2025-03-16 03:57:43,920 - root - DEBUG - 使用 YOLO 格式保存标签: 篮球
2025-03-16 03:57:43,920 - root - DEBUG - 边界框坐标: x=556, y=172, w=25, h=28
2025-03-16 03:57:43,920 - util.yolofile - DEBUG - 创建 YOLO 标签信息: 图像=0, 尺寸=1300x736, 文本=篮球
2025-03-16 03:57:43,920 - util.yolofile - DEBUG - 边界框: x=556, y=172, w=25, h=28
2025-03-16 03:57:43,920 - util.yolofile - DEBUG - YOLO 标签文件路径: D:/workspace/LabelQuick/video\0.txt
2025-03-16 03:57:43,921 - util.yolofile - DEBUG - YOLO 标签信息已创建: 路径=D:/workspace/LabelQuick/video\0.txt, 大小=[1300, 736, 3], 边界框=[556, 172, 581, 200]
2025-03-16 03:57:43,921 - root - DEBUG - 添加新类别到映射: 篮球 -> 0
2025-03-16 03:57:43,921 - root - INFO - 类别映射已保存到: D:/workspace/LabelQuick/video\labels\classes.txt
2025-03-16 03:57:43,921 - root - DEBUG - 保存 YOLO 标签到: D:/workspace/LabelQuick/video\labels\train\0.txt, 大小: [1300, 736, 3], 类别映射: {'篮球': 0}
2025-03-16 03:57:43,921 - util.yolofile - DEBUG - 转换坐标到 YOLO 格式: 图像尺寸=(1300, 736), 边界框=(556, 172, 581, 200)
2025-03-16 03:57:43,921 - util.yolofile - DEBUG - YOLO 格式坐标: 中心点=(0.437308, 0.252717), 尺寸=(0.019231, 0.038043)
2025-03-16 03:57:43,922 - root - DEBUG - 写入行: 0 0.437308 0.252717 0.019231 0.038043
2025-03-16 03:57:43,922 - root - INFO - YOLO 标签已保存到: D:/workspace/LabelQuick/video\labels\train\0.txt
2025-03-16 03:57:43,922 - root - DEBUG - 启用开始检测打标按钮
2025-03-16 03:57:43,922 - root - DEBUG - 重置点击和绘制事件状态
2025-03-16 03:57:43,922 - root - DEBUG - 开始显示已存在的标签和边界框
2025-03-16 03:57:43,932 - root - DEBUG - 显示 1 个点击标签和 0 个绘制标签
2025-03-16 03:57:43,932 - root - DEBUG - 绘制点击标签 1: (556, 172) - (581, 200)
2025-03-16 03:57:43,934 - root - DEBUG - 标签显示完成
2025-03-16 03:57:43,935 - root - DEBUG - 显示已存在的标签
2025-03-16 03:57:51,555 - root - INFO - 开始视频检测打标
2025-03-16 03:57:51,555 - root - DEBUG - 禁用开始检测打标按钮
2025-03-16 03:57:51,556 - root - DEBUG - 视频路径: D:/workspace/LabelQuick/video/ceshi.mp4, 输出目录: D:/workspace/LabelQuick/video
2025-03-16 03:57:51,556 - root - DEBUG - 设置 AVT 的点击坐标: (564, 177), 方法: 1
2025-03-16 03:57:51,556 - root - DEBUG - AVT 点击坐标设置成功
2025-03-16 03:57:51,556 - root - DEBUG - 添加点击点到模型
2025-03-16 03:57:51,556 - sampro.LabelVideo_TW - DEBUG - 添加新点: 坐标=(564, 177), 方法=1
2025-03-16 03:57:51,557 - sampro.LabelVideo_TW - DEBUG - 点集: [[564 177]
 [564 177]], 标签: [1 1]
2025-03-16 03:57:51,646 - sampro.LabelVideo_TW - DEBUG - 生成的掩码形状: torch.Size([1, 1, 736, 1300])
2025-03-16 03:57:51,646 - root - DEBUG - 点击点添加成功
2025-03-16 03:57:51,646 - root - DEBUG - 创建视频处理线程，点击坐标: (564, 177), 方法: 1, 文本: 篮球
2025-03-16 03:57:51,646 - root - DEBUG - 保存路径: D:/workspace/LabelQuick/video, 格式: yolo, 类别映射: {'篮球': 0}
2025-03-16 03:57:51,646 - root - INFO - 初始化视频处理线程
2025-03-16 03:57:51,647 - root - DEBUG - 视频处理线程初始化完成: 视频路径=D:/workspace/LabelQuick/video/ceshi.mp4, 输出目录=D:/workspace/LabelQuick/video, 格式=yolo
2025-03-16 03:57:51,647 - root - DEBUG - 连接视频处理线程信号
2025-03-16 03:57:51,647 - root - INFO - 启动视频处理线程
2025-03-16 03:57:51,648 - root - DEBUG - 禁用其他按钮，防止重复处理
2025-03-16 03:57:51,649 - root - INFO - 开始视频处理: 点击坐标=(564, 177), 方法=1
2025-03-16 03:57:51,650 - root - DEBUG - 创建输出目录: D:/workspace/LabelQuick/video 和 mask 子目录: D:/workspace/LabelQuick/video\mask
2025-03-16 03:57:51,650 - root - DEBUG - 确保YOLO目录结构存在: D:/workspace/LabelQuick/video\images\train, D:/workspace/LabelQuick/video\labels\train
2025-03-16 03:57:51,650 - root - INFO - 开始处理视频帧，总帧数: 1
2025-03-16 03:57:51,651 - root - DEBUG - 设置 AVT 的点击坐标: (564, 177), 方法: 1
2025-03-16 03:57:51,651 - root - DEBUG - 添加点击点到模型
2025-03-16 03:57:51,651 - sampro.LabelVideo_TW - DEBUG - 添加新点: 坐标=(564, 177), 方法=1
2025-03-16 03:57:51,651 - sampro.LabelVideo_TW - DEBUG - 点集: [[564 177]
 [564 177]
 [564 177]], 标签: [1 1 1]
2025-03-16 03:57:51,727 - sampro.LabelVideo_TW - DEBUG - 生成的掩码形状: torch.Size([1, 1, 736, 1300])
2025-03-16 03:57:51,727 - root - DEBUG - 调用 Draw_Mask_at_frame 处理所有帧，格式: yolo
2025-03-16 03:57:51,727 - sampro.LabelVideo_TW - INFO - 开始绘制轮廓，格式: yolo, 文本: 篮球
2025-03-16 03:57:51,728 - sampro.LabelVideo_TW - DEBUG - 起始帧: 0, 返回帧: False, 保存图像路径: D:/workspace/LabelQuick/video\mask, 保存标签路径: D:/workspace/LabelQuick/video
2025-03-16 03:57:51,728 - sampro.LabelVideo_TW - DEBUG - 开始在视频中传播分割结果
2025-03-16 03:57:51,815 - sampro.LabelVideo_TW - DEBUG - 帧 0 的掩码形状: torch.Size([1, 1, 736, 1300])
2025-03-16 03:57:51,816 - sampro.LabelVideo_TW - DEBUG - 帧 0, 对象 1 的掩码形状: (1, 736, 1300)
2025-03-16 03:57:51,816 - sampro.LabelVideo_TW - DEBUG - 帧 0 的分割结果: 对象 IDs [1]
2025-03-16 03:57:51,817 - sampro.LabelVideo_TW - DEBUG - 找到 1 个帧
2025-03-16 03:57:51,817 - sampro.LabelVideo_TW - INFO - 开始处理 1 个帧
2025-03-16 03:57:51,817 - sampro.LabelVideo_TW - DEBUG - 处理帧 0: D:/workspace/LabelQuick/video\0.jpg
2025-03-16 03:57:51,831 - sampro.LabelVideo_TW - DEBUG - 帧 0 尺寸: 1300x736
2025-03-16 03:57:51,832 - sampro.LabelVideo_TW - DEBUG - 帧 0 有 1 个分割对象
2025-03-16 03:57:51,832 - sampro.LabelVideo_TW - DEBUG - 处理帧 0 的对象 1
2025-03-16 03:57:51,832 - sampro.LabelVideo_TW - DEBUG - 原始掩码尺寸: (1, 736, 1300)
2025-03-16 03:57:51,832 - sampro.LabelVideo_TW - DEBUG - 转换掩码类型从 bool 到 uint8
2025-03-16 03:57:51,834 - sampro.LabelVideo_TW - WARNING - 掩码尺寸 (736x1) 与帧尺寸 (1300x736) 不匹配，进行调整
2025-03-16 03:57:51,834 - sampro.LabelVideo_TW - DEBUG - 调整后的掩码尺寸: (736, 1300)
2025-03-16 03:57:51,835 - sampro.LabelVideo_TW - INFO - 绘制掩码，对象 ID: 1
2025-03-16 03:57:51,836 - sampro.LabelVideo_TW - DEBUG - 帧尺寸: 1300x736
2025-03-16 03:57:51,836 - sampro.LabelVideo_TW - DEBUG - 原始掩码尺寸: 1300x736
2025-03-16 03:57:51,841 - sampro.LabelVideo_TW - DEBUG - 创建彩色掩码完成
2025-03-16 03:57:51,843 - sampro.LabelVideo_TW - DEBUG - 叠加掩码到原始帧完成
2025-03-16 03:57:51,843 - sampro.LabelVideo_TW - DEBUG - 找到 1 个轮廓
2025-03-16 03:57:51,844 - sampro.LabelVideo_TW - DEBUG - 轮廓 1 面积: 311.5
2025-03-16 03:57:51,844 - sampro.LabelVideo_TW - DEBUG - 更新最大轮廓: 索引=1, 面积=311.5
2025-03-16 03:57:51,844 - sampro.LabelVideo_TW - DEBUG - 最大轮廓边界框: x=561, y=173, w=19, h=26
2025-03-16 03:57:51,844 - sampro.LabelVideo_TW - DEBUG - 绘制边界框和轮廓完成
2025-03-16 03:57:51,846 - sampro.LabelVideo_TW - DEBUG - 绘制掩码成功，边界框: x=561, y=173, w=19, h=26
2025-03-16 03:57:51,846 - sampro.LabelVideo_TW - DEBUG - 保存处理后的帧图像
2025-03-16 03:57:51,854 - sampro.LabelVideo_TW - DEBUG - 保存调整后的图像到: D:/workspace/LabelQuick/video\mask/0.jpg, 大小: 1300x736.0
2025-03-16 03:57:51,855 - sampro.LabelVideo_TW - DEBUG - 创建 YOLO 格式标签，文本: 篮球
2025-03-16 03:57:51,855 - util.yolofile - DEBUG - 创建 YOLO 标签信息: 图像=0, 尺寸=1300x736, 文本=篮球
2025-03-16 03:57:51,855 - util.yolofile - DEBUG - 边界框: x=561, y=173, w=19, h=26
2025-03-16 03:57:51,855 - util.yolofile - DEBUG - YOLO 标签文件路径: D:/workspace/LabelQuick/video\0.txt
2025-03-16 03:57:51,855 - util.yolofile - DEBUG - YOLO 标签信息已创建: 路径=D:/workspace/LabelQuick/video\0.txt, 大小=[1300, 736, 3], 边界框=[561, 173, 580, 199]
2025-03-16 03:57:51,855 - sampro.LabelVideo_TW - DEBUG - YOLO 标签信息: 路径=D:/workspace/LabelQuick/video\0.txt, 大小=[1300, 736, 3]
2025-03-16 03:57:51,855 - sampro.LabelVideo_TW - DEBUG - 添加标签消息到列表，当前共 1 个消息
2025-03-16 03:57:51,855 - sampro.LabelVideo_TW - INFO - 帧处理完成，返回 1 个标签消息
2025-03-16 03:57:51,856 - root - DEBUG - 收到 1 个标签消息
2025-03-16 03:57:51,857 - root - INFO - 保存所有 YOLO 格式标签，共 1 个帧
2025-03-16 03:57:51,857 - root - INFO - 类别映射已保存到: D:/workspace/LabelQuick/video\labels\classes.txt
2025-03-16 03:57:51,858 - root - DEBUG - 为帧 0 保存 YOLO 标签到 D:/workspace/LabelQuick/video\labels\train\0.txt
2025-03-16 03:57:51,858 - root - DEBUG - 从 size 获取图像尺寸: 1300x736
2025-03-16 03:57:51,858 - util.yolofile - DEBUG - 转换坐标到 YOLO 格式: 图像尺寸=(1300, 736), 边界框=(561, 173, 580, 199)
2025-03-16 03:57:51,858 - util.yolofile - DEBUG - YOLO 格式坐标: 中心点=(0.438846, 0.252717), 尺寸=(0.014615, 0.035326)
2025-03-16 03:57:51,858 - root - DEBUG - 写入行: 0 0.438846 0.252717 0.014615 0.035326
2025-03-16 03:57:51,859 - root - INFO - YOLO 标签已保存到: D:/workspace/LabelQuick/video\labels\train\0.txt
2025-03-16 03:57:51,859 - root - INFO - 视频处理完成，发送完成信号
2025-03-16 03:57:51,860 - root - INFO - 视频处理完成
2025-03-16 03:57:51,860 - root - DEBUG - 收到 1 个标签消息
2025-03-16 03:57:51,860 - root - INFO - 检测打标过程全部完成
2025-03-16 03:57:51,860 - root - INFO - 视频处理完成
2025-03-16 03:57:51,861 - root - DEBUG - 收到 1 个标签消息
2025-03-16 03:57:51,861 - root - INFO - 检测打标过程全部完成
