2025-03-16 02:09:54,882 - root - INFO - LabelQuick 应用程序启动
2025-03-16 02:09:55,165 - hydra.core.utils - DEBUG - Setting JobRuntime:name=UNKNOWN_NAME
2025-03-16 02:09:55,165 - hydra.core.utils - DEBUG - Setting JobRuntime:name=app
2025-03-16 02:09:59,163 - root - INFO - 初始化主界面
2025-03-16 02:09:59,918 - root - DEBUG - UI 设置完成
2025-03-16 02:09:59,918 - root - DEBUG - 初始化变量完成
2025-03-16 02:10:02,189 - root - INFO - Loaded checkpoint sucessfully
2025-03-16 02:10:04,618 - root - INFO - Loaded checkpoint sucessfully
2025-03-16 02:10:04,633 - root - DEBUG - 初始化 Anything_TW 和 AnythingVideo_TW 完成
2025-03-16 02:10:04,633 - root - DEBUG - 初始化定时器完成
2025-03-16 02:10:04,634 - root - DEBUG - 开始连接信号和槽
2025-03-16 02:10:04,634 - root - DEBUG - 信号和槽连接完成
2025-03-16 02:10:04,634 - root - DEBUG - 初始化标签格式: xml
2025-03-16 02:10:04,634 - root - INFO - 主界面初始化完成
2025-03-16 02:10:12,526 - root - INFO - 标签格式已更改: xml -> yolo
2025-03-16 02:10:12,527 - root - DEBUG - 检查 YOLO 格式的类别映射
2025-03-16 02:10:12,527 - root - DEBUG - 类别映射为空，尝试从现有标签初始化
2025-03-16 02:10:12,527 - root - DEBUG - 当前类别映射: {}
2025-03-16 02:10:42,477 - root - INFO - For numpy array image, we assume (HxWxC) format
2025-03-16 02:10:42,705 - root - INFO - Computing image embeddings for the provided image...
2025-03-16 02:10:50,054 - root - INFO - Image embeddings computed.
2025-03-16 02:10:50,067 - root - INFO - 检查图像 0 的已存在标签
2025-03-16 02:10:50,067 - root - DEBUG - XML 文件存在: False, YOLO 文件存在: False, 当前格式: yolo
2025-03-16 02:10:50,067 - root - DEBUG - 未找到标签文件或格式不匹配: XML=False, YOLO=False, 格式=yolo
2025-03-16 02:10:50,067 - root - DEBUG - 开始显示已存在的标签和边界框
2025-03-16 02:10:50,080 - root - DEBUG - 没有标签需要显示，显示原始图像
2025-03-16 02:11:31,207 - root - DEBUG - 开始显示已存在的标签和边界框
2025-03-16 02:11:31,219 - root - DEBUG - 没有标签需要显示，显示原始图像
2025-03-16 02:11:41,581 - root - INFO - 视频对话框确认，标签文本: 篮球
2025-03-16 02:11:41,581 - root - DEBUG - 重置点击和绘制事件状态
2025-03-16 02:11:41,581 - root - DEBUG - 开始显示已存在的标签和边界框
2025-03-16 02:11:41,595 - root - DEBUG - 没有标签需要显示，显示原始图像
2025-03-16 02:11:41,595 - root - DEBUG - 显示已存在的标签
2025-03-16 02:16:47,088 - root - INFO - 视频对话框确认，标签文本: 篮球
2025-03-16 02:16:47,089 - root - DEBUG - 重置点击和绘制事件状态
2025-03-16 02:16:47,089 - root - DEBUG - 开始显示已存在的标签和边界框
2025-03-16 02:16:47,103 - root - DEBUG - 没有标签需要显示，显示原始图像
2025-03-16 02:16:47,104 - root - DEBUG - 显示已存在的标签
